[0.993s] DEBUG:colcon:Command line arguments: ['/usr/bin/colcon', 'build']
[0.993s] DEBUG:colcon:Parsed command line arguments: Namespace(log_base=None, log_level=None, verb_name='build', build_base='build', install_base='install', merge_install=False, symlink_install=False, test_result_base=None, continue_on_error=False, executor='parallel', parallel_workers=16, event_handlers=None, ignore_user_meta=False, metas=['./colcon.meta'], base_paths=['.'], packages_ignore=None, packages_ignore_regex=None, paths=None, packages_up_to=None, packages_up_to_regex=None, packages_above=None, packages_above_and_dependencies=None, packages_above_depth=None, packages_select_by_dep=None, packages_skip_by_dep=None, packages_skip_up_to=None, packages_select_build_failed=False, packages_skip_build_finished=False, packages_select_test_failures=False, packages_skip_test_passed=False, packages_select=None, packages_skip=None, packages_select_regex=None, packages_skip_regex=None, packages_start=None, packages_end=None, allow_overriding=[], cmake_args=None, cmake_target=None, cmake_target_skip_unavailable=False, cmake_clean_cache=False, cmake_clean_first=False, cmake_force_configure=False, ament_cmake_args=None, catkin_cmake_args=None, catkin_skip_building_tests=False, verb_parser=<colcon_defaults.argument_parser.defaults.DefaultArgumentsDecorator object at 0x7fae1acc5270>, verb_extension=<colcon_core.verb.build.BuildVerb object at 0x7fae1acadcc0>, main=<bound method BuildVerb.main of <colcon_core.verb.build.BuildVerb object at 0x7fae1acadcc0>>)
[1.036s] Level 1:colcon.colcon_core.package_discovery:discover_packages(colcon_meta) check parameters
[1.037s] Level 1:colcon.colcon_core.package_discovery:discover_packages(recursive) check parameters
[1.037s] Level 1:colcon.colcon_core.package_discovery:discover_packages(ignore) check parameters
[1.037s] Level 1:colcon.colcon_core.package_discovery:discover_packages(path) check parameters
[1.037s] Level 1:colcon.colcon_core.package_discovery:discover_packages(colcon_meta) discover
[1.037s] Level 1:colcon.colcon_core.package_discovery:discover_packages(recursive) discover
[1.037s] INFO:colcon.colcon_core.package_discovery:Crawling recursively for packages in '/home/nam017/ws_dist/src'
[1.037s] Level 1:colcon.colcon_core.package_identification:_identify(.) by extensions ['ignore', 'ignore_ament_install']
[1.037s] Level 1:colcon.colcon_core.package_identification:_identify(.) by extension 'ignore'
[1.037s] Level 1:colcon.colcon_core.package_identification:_identify(.) by extension 'ignore_ament_install'
[1.037s] Level 1:colcon.colcon_core.package_identification:_identify(.) by extensions ['colcon_pkg']
[1.037s] Level 1:colcon.colcon_core.package_identification:_identify(.) by extension 'colcon_pkg'
[1.037s] Level 1:colcon.colcon_core.package_identification:_identify(.) by extensions ['colcon_meta']
[1.037s] Level 1:colcon.colcon_core.package_identification:_identify(.) by extension 'colcon_meta'
[1.037s] Level 1:colcon.colcon_core.package_identification:_identify(.) by extensions ['ros']
[1.037s] Level 1:colcon.colcon_core.package_identification:_identify(.) by extension 'ros'
[1.046s] Level 1:colcon.colcon_core.package_identification:_identify(.) by extensions ['cmake', 'python']
[1.046s] Level 1:colcon.colcon_core.package_identification:_identify(.) by extension 'cmake'
[1.046s] Level 1:colcon.colcon_core.package_identification:_identify(.) by extension 'python'
[1.046s] Level 1:colcon.colcon_core.package_identification:_identify(.) by extensions ['python_setup_py']
[1.046s] Level 1:colcon.colcon_core.package_identification:_identify(.) by extension 'python_setup_py'
[1.046s] Level 1:colcon.colcon_core.package_identification:_identify(build) by extensions ['ignore', 'ignore_ament_install']
[1.046s] Level 1:colcon.colcon_core.package_identification:_identify(build) by extension 'ignore'
[1.046s] Level 1:colcon.colcon_core.package_identification:_identify(build) ignored
[1.047s] Level 1:colcon.colcon_core.package_identification:_identify(install) by extensions ['ignore', 'ignore_ament_install']
[1.047s] Level 1:colcon.colcon_core.package_identification:_identify(install) by extension 'ignore'
[1.047s] Level 1:colcon.colcon_core.package_identification:_identify(install) ignored
[1.047s] Level 1:colcon.colcon_core.package_identification:_identify(log) by extensions ['ignore', 'ignore_ament_install']
[1.047s] Level 1:colcon.colcon_core.package_identification:_identify(log) by extension 'ignore'
[1.047s] Level 1:colcon.colcon_core.package_identification:_identify(log) ignored
[1.047s] Level 1:colcon.colcon_core.package_identification:_identify(ros2_get_obj_distance) by extensions ['ignore', 'ignore_ament_install']
[1.047s] Level 1:colcon.colcon_core.package_identification:_identify(ros2_get_obj_distance) by extension 'ignore'
[1.047s] Level 1:colcon.colcon_core.package_identification:_identify(ros2_get_obj_distance) by extension 'ignore_ament_install'
[1.047s] Level 1:colcon.colcon_core.package_identification:_identify(ros2_get_obj_distance) by extensions ['colcon_pkg']
[1.047s] Level 1:colcon.colcon_core.package_identification:_identify(ros2_get_obj_distance) by extension 'colcon_pkg'
[1.047s] Level 1:colcon.colcon_core.package_identification:_identify(ros2_get_obj_distance) by extensions ['colcon_meta']
[1.047s] Level 1:colcon.colcon_core.package_identification:_identify(ros2_get_obj_distance) by extension 'colcon_meta'
[1.047s] Level 1:colcon.colcon_core.package_identification:_identify(ros2_get_obj_distance) by extensions ['ros']
[1.047s] Level 1:colcon.colcon_core.package_identification:_identify(ros2_get_obj_distance) by extension 'ros'
[1.051s] DEBUG:colcon.colcon_core.package_identification:Package 'ros2_get_obj_distance' with type 'ros.ament_cmake' and name 'ros2_get_obj_distance'
[1.051s] Level 1:colcon.colcon_core.package_discovery:discover_packages(recursive) using defaults
[1.051s] Level 1:colcon.colcon_core.package_discovery:discover_packages(ignore) discover
[1.051s] Level 1:colcon.colcon_core.package_discovery:discover_packages(ignore) using defaults
[1.051s] Level 1:colcon.colcon_core.package_discovery:discover_packages(path) discover
[1.051s] Level 1:colcon.colcon_core.package_discovery:discover_packages(path) using defaults
[1.174s] Level 1:colcon.colcon_core.package_discovery:discover_packages(prefix_path) check parameters
[1.174s] Level 1:colcon.colcon_core.package_discovery:discover_packages(prefix_path) discover
[1.201s] DEBUG:colcon.colcon_installed_package_information.package_discovery:Found 1 installed packages in /home/nam017/ws_kinect/install
[1.213s] DEBUG:colcon.colcon_installed_package_information.package_discovery:Found 10 installed packages in /home/nam017/ws_xarm/install
[1.242s] DEBUG:colcon.colcon_installed_package_information.package_discovery:Found 337 installed packages in /opt/ros/humble
[1.243s] Level 1:colcon.colcon_core.package_discovery:discover_packages(prefix_path) using defaults
[1.323s] Level 5:colcon.colcon_core.verb:set package 'ros2_get_obj_distance' build argument 'cmake_args' from command line to 'None'
[1.323s] Level 5:colcon.colcon_core.verb:set package 'ros2_get_obj_distance' build argument 'cmake_target' from command line to 'None'
[1.323s] Level 5:colcon.colcon_core.verb:set package 'ros2_get_obj_distance' build argument 'cmake_target_skip_unavailable' from command line to 'False'
[1.323s] Level 5:colcon.colcon_core.verb:set package 'ros2_get_obj_distance' build argument 'cmake_clean_cache' from command line to 'False'
[1.323s] Level 5:colcon.colcon_core.verb:set package 'ros2_get_obj_distance' build argument 'cmake_clean_first' from command line to 'False'
[1.323s] Level 5:colcon.colcon_core.verb:set package 'ros2_get_obj_distance' build argument 'cmake_force_configure' from command line to 'False'
[1.323s] Level 5:colcon.colcon_core.verb:set package 'ros2_get_obj_distance' build argument 'ament_cmake_args' from command line to 'None'
[1.323s] Level 5:colcon.colcon_core.verb:set package 'ros2_get_obj_distance' build argument 'catkin_cmake_args' from command line to 'None'
[1.323s] Level 5:colcon.colcon_core.verb:set package 'ros2_get_obj_distance' build argument 'catkin_skip_building_tests' from command line to 'False'
[1.323s] DEBUG:colcon.colcon_core.verb:Building package 'ros2_get_obj_distance' with the following arguments: {'ament_cmake_args': None, 'build_base': '/home/nam017/ws_dist/src/build/ros2_get_obj_distance', 'catkin_cmake_args': None, 'catkin_skip_building_tests': False, 'cmake_args': None, 'cmake_clean_cache': False, 'cmake_clean_first': False, 'cmake_force_configure': False, 'cmake_target': None, 'cmake_target_skip_unavailable': False, 'install_base': '/home/nam017/ws_dist/src/install/ros2_get_obj_distance', 'merge_install': False, 'path': '/home/nam017/ws_dist/src/ros2_get_obj_distance', 'symlink_install': False, 'test_result_base': None}
[1.335s] INFO:colcon.colcon_core.executor:Executing jobs using 'parallel' executor
[1.348s] DEBUG:colcon.colcon_parallel_executor.executor.parallel:run_until_complete
[1.348s] INFO:colcon.colcon_ros.task.ament_cmake.build:Building ROS package in '/home/nam017/ws_dist/src/ros2_get_obj_distance' with build type 'ament_cmake'
[1.349s] INFO:colcon.colcon_cmake.task.cmake.build:Building CMake package in '/home/nam017/ws_dist/src/ros2_get_obj_distance'
[1.362s] INFO:colcon.colcon_core.plugin_system:Skipping extension 'colcon_core.shell.bat': Not used on non-Windows systems
[1.362s] INFO:colcon.colcon_core.shell:Skip shell extension 'powershell' for command environment: Not usable outside of PowerShell
[1.362s] DEBUG:colcon.colcon_core.shell:Skip shell extension 'dsv' for command environment
[1.433s] DEBUG:colcon.colcon_core.event_handler.log_command:Invoking command in '/home/nam017/ws_dist/src/build/ros2_get_obj_distance': CMAKE_PREFIX_PATH=${CMAKE_PREFIX_PATH}:/opt/ros/humble /usr/bin/cmake --build /home/nam017/ws_dist/src/build/ros2_get_obj_distance -- -j16 -l16
[4.709s] DEBUG:colcon.colcon_core.event_handler.log_command:Invoked command in '/home/nam017/ws_dist/src/build/ros2_get_obj_distance' returned '2': CMAKE_PREFIX_PATH=${CMAKE_PREFIX_PATH}:/opt/ros/humble /usr/bin/cmake --build /home/nam017/ws_dist/src/build/ros2_get_obj_distance -- -j16 -l16
[4.796s] Level 1:colcon.colcon_core.environment:create_environment_scripts_only(ros2_get_obj_distance)
[4.824s] Level 1:colcon.colcon_core.environment:checking '/home/nam017/ws_dist/src/install/ros2_get_obj_distance' for CMake module files
[4.825s] Level 1:colcon.colcon_core.environment:checking '/home/nam017/ws_dist/src/install/ros2_get_obj_distance' for CMake config files
[4.825s] Level 1:colcon.colcon_core.shell:create_environment_hook('ros2_get_obj_distance', 'cmake_prefix_path')
[4.850s] INFO:colcon.colcon_core.shell:Creating environment hook '/home/nam017/ws_dist/src/install/ros2_get_obj_distance/share/ros2_get_obj_distance/hook/cmake_prefix_path.ps1'
[4.851s] INFO:colcon.colcon_core.shell:Creating environment descriptor '/home/nam017/ws_dist/src/install/ros2_get_obj_distance/share/ros2_get_obj_distance/hook/cmake_prefix_path.dsv'
[4.852s] INFO:colcon.colcon_core.shell:Creating environment hook '/home/nam017/ws_dist/src/install/ros2_get_obj_distance/share/ros2_get_obj_distance/hook/cmake_prefix_path.sh'
[4.853s] Level 1:colcon.colcon_core.environment:checking '/home/nam017/ws_dist/src/install/ros2_get_obj_distance/lib'
[4.853s] Level 1:colcon.colcon_core.environment:checking '/home/nam017/ws_dist/src/install/ros2_get_obj_distance/bin'
[4.853s] Level 1:colcon.colcon_core.environment:checking '/home/nam017/ws_dist/src/install/ros2_get_obj_distance/lib/pkgconfig/ros2_get_obj_distance.pc'
[4.854s] Level 1:colcon.colcon_core.environment:checking '/home/nam017/ws_dist/src/install/ros2_get_obj_distance/lib/python3.10/site-packages'
[4.854s] Level 1:colcon.colcon_core.environment:checking '/home/nam017/ws_dist/src/install/ros2_get_obj_distance/bin'
[4.882s] INFO:colcon.colcon_core.shell:Creating package script '/home/nam017/ws_dist/src/install/ros2_get_obj_distance/share/ros2_get_obj_distance/package.ps1'
[4.884s] INFO:colcon.colcon_core.shell:Creating package descriptor '/home/nam017/ws_dist/src/install/ros2_get_obj_distance/share/ros2_get_obj_distance/package.dsv'
[4.885s] INFO:colcon.colcon_core.shell:Creating package script '/home/nam017/ws_dist/src/install/ros2_get_obj_distance/share/ros2_get_obj_distance/package.sh'
[4.887s] INFO:colcon.colcon_core.shell:Creating package script '/home/nam017/ws_dist/src/install/ros2_get_obj_distance/share/ros2_get_obj_distance/package.bash'
[4.888s] INFO:colcon.colcon_core.shell:Creating package script '/home/nam017/ws_dist/src/install/ros2_get_obj_distance/share/ros2_get_obj_distance/package.zsh'
[4.889s] Level 1:colcon.colcon_core.environment:create_file_with_runtime_dependencies(/home/nam017/ws_dist/src/install/ros2_get_obj_distance/share/colcon-core/packages/ros2_get_obj_distance)
[4.900s] DEBUG:colcon.colcon_parallel_executor.executor.parallel:closing loop
[4.900s] DEBUG:colcon.colcon_parallel_executor.executor.parallel:loop closed
[4.900s] DEBUG:colcon.colcon_parallel_executor.executor.parallel:run_until_complete finished with '2'
[4.900s] DEBUG:colcon.colcon_core.event_reactor:joining thread
[4.932s] INFO:colcon.colcon_core.plugin_system:Skipping extension 'colcon_notification.desktop_notification.terminal_notifier': Not used on non-Darwin systems
[4.932s] INFO:colcon.colcon_core.plugin_system:Skipping extension 'colcon_notification.desktop_notification.win32': Not used on non-Windows systems
[4.932s] INFO:colcon.colcon_notification.desktop_notification:Sending desktop notification using 'notify2'
[4.945s] DEBUG:colcon.colcon_core.event_reactor:joined thread
[4.967s] INFO:colcon.colcon_core.shell:Creating prefix script '/home/nam017/ws_dist/src/install/local_setup.ps1'
[4.968s] INFO:colcon.colcon_core.shell:Creating prefix util module '/home/nam017/ws_dist/src/install/_local_setup_util_ps1.py'
[4.971s] INFO:colcon.colcon_core.shell:Creating prefix chain script '/home/nam017/ws_dist/src/install/setup.ps1'
[4.991s] INFO:colcon.colcon_core.shell:Creating prefix script '/home/nam017/ws_dist/src/install/local_setup.sh'
[4.992s] INFO:colcon.colcon_core.shell:Creating prefix util module '/home/nam017/ws_dist/src/install/_local_setup_util_sh.py'
[4.993s] INFO:colcon.colcon_core.shell:Creating prefix chain script '/home/nam017/ws_dist/src/install/setup.sh'
[5.014s] INFO:colcon.colcon_core.shell:Creating prefix script '/home/nam017/ws_dist/src/install/local_setup.bash'
[5.015s] INFO:colcon.colcon_core.shell:Creating prefix chain script '/home/nam017/ws_dist/src/install/setup.bash'
[5.030s] INFO:colcon.colcon_core.shell:Creating prefix script '/home/nam017/ws_dist/src/install/local_setup.zsh'
[5.032s] INFO:colcon.colcon_core.shell:Creating prefix chain script '/home/nam017/ws_dist/src/install/setup.zsh'
