[0.084s] Invoking command in '/home/nam017/ws_dist/src/build/ros2_get_obj_distance': CMAKE_PREFIX_PATH=${CMAKE_PREFIX_PATH}:/opt/ros/humble /usr/bin/cmake --build /home/nam017/ws_dist/src/build/ros2_get_obj_distance -- -j16 -l16
[0.166s] [35m[1mConsolidate compiler generated dependencies of target ros2_get_obj_distance[0m
[0.206s] [ 50%] [32mBuilding CXX object CMakeFiles/ros2_get_obj_distance.dir/src/ros2_get_obj_distance.cpp.o[0m
[2.762s] [01m[K/home/nam017/ws_dist/src/ros2_get_obj_distance/src/ros2_get_obj_distance.cpp:[m[K In constructor ‘[01m[KGetDistanceNode::GetDistanceNode()[m[K’:
[2.762s] [01m[K/home/nam017/ws_dist/src/ros2_get_obj_distance/src/ros2_get_obj_distance.cpp:59:44:[m[K [01;31m[Kerror: [m[Kno matching function for call to ‘[01m[Kimage_transport::ImageTransport::ImageTransport()[m[K’
[2.762s]    59 |             : Node("ros2_get_distance_node"[01;31m[K)[m[K
[2.762s]       |                                            [01;31m[K^[m[K
[2.762s] In file included from [01m[K/home/nam017/ws_dist/src/ros2_get_obj_distance/src/ros2_get_obj_distance.cpp:8[m[K:
[2.762s] [01m[K/opt/ros/humble/include/image_transport/image_transport/image_transport.hpp:111:12:[m[K [01;36m[Knote: [m[Kcandidate: ‘[01m[Kimage_transport::ImageTransport::ImageTransport(rclcpp::Node::SharedPtr)[m[K’
[2.763s]   111 |   explicit [01;36m[KImageTransport[m[K(rclcpp::Node::SharedPtr node);
[2.763s]       |            [01;36m[K^~~~~~~~~~~~~~[m[K
[2.763s] [01m[K/opt/ros/humble/include/image_transport/image_transport/image_transport.hpp:111:12:[m[K [01;36m[Knote: [m[K  candidate expects 1 argument, 0 provided
[2.764s] [01m[K/home/nam017/ws_dist/src/ros2_get_obj_distance/src/ros2_get_obj_distance.cpp:61:86:[m[K [01;31m[Kerror: [m[Kno match for ‘[01m[Koperator=[m[K’ (operand types are ‘[01m[Kimage_transport::ImageTransport[m[K’ and ‘[01m[Kstd::shared_ptr<image_transport::ImageTransport>[m[K’)
[2.764s]    61 |             image_transport_ = std::make_shared<image_transport::ImageTransport>(this[01;31m[K)[m[K;
[2.764s]       |                                                                                      [01;31m[K^[m[K
[2.765s] In file included from [01m[K/home/nam017/ws_dist/src/ros2_get_obj_distance/src/ros2_get_obj_distance.cpp:8[m[K:
[2.765s] [01m[K/opt/ros/humble/include/image_transport/image_transport/image_transport.hpp:103:7:[m[K [01;36m[Knote: [m[Kcandidate: ‘[01m[Kimage_transport::ImageTransport& image_transport::ImageTransport::operator=(const image_transport::ImageTransport&)[m[K’ (deleted)
[2.765s]   103 | class [01;36m[KImageTransport[m[K
[2.765s]       |       [01;36m[K^~~~~~~~~~~~~~[m[K
[2.765s] [01m[K/opt/ros/humble/include/image_transport/image_transport/image_transport.hpp:103:7:[m[K [01;36m[Knote: [m[K  no known conversion for argument 1 from ‘[01m[Kstd::shared_ptr<image_transport::ImageTransport>[m[K’ to ‘[01m[Kconst image_transport::ImageTransport&[m[K’
[2.765s] [01m[K/home/nam017/ws_dist/src/ros2_get_obj_distance/src/ros2_get_obj_distance.cpp:62:42:[m[K [01;31m[Kerror: [m[Kbase operand of ‘[01m[K->[m[K’ has non-pointer type ‘[01m[Kimage_transport::ImageTransport[m[K’
[2.765s]    62 |             image_sub_ = image_transport_[01;31m[K->[m[Ksubscribe("/depth_to_rgb/image_raw", 1, std::bind(&GetDistanceNode::imageCallback, this, _1));
[2.765s]       |                                          [01;31m[K^~[m[K
[3.173s] In file included from [01m[K/usr/include/x86_64-linux-gnu/c++/11/bits/c++allocator.h:33[m[K,
[3.173s]                  from [01m[K/usr/include/c++/11/bits/allocator.h:46[m[K,
[3.173s]                  from [01m[K/usr/include/c++/11/unordered_map:40[m[K,
[3.174s]                  from [01m[K/usr/include/c++/11/functional:61[m[K,
[3.174s]                  from [01m[K/home/nam017/ws_dist/src/ros2_get_obj_distance/src/ros2_get_obj_distance.cpp:2[m[K:
[3.174s] /usr/include/c++/11/ext/new_allocator.h: In instantiation of ‘[01m[Kvoid __gnu_cxx::new_allocator<_Tp>::construct(_Up*, _Args&& ...) [with _Up = image_transport::ImageTransport; _Args = {GetDistanceNode*}; _Tp = image_transport::ImageTransport][m[K’:
[3.174s] [01m[K/usr/include/c++/11/bits/alloc_traits.h:516:17:[m[K   required from ‘[01m[Kstatic void std::allocator_traits<std::allocator<_Tp1> >::construct(std::allocator_traits<std::allocator<_Tp1> >::allocator_type&, _Up*, _Args&& ...) [with _Up = image_transport::ImageTransport; _Args = {GetDistanceNode*}; _Tp = image_transport::ImageTransport; std::allocator_traits<std::allocator<_Tp1> >::allocator_type = std::allocator<image_transport::ImageTransport>][m[K’
[3.174s] [01m[K/usr/include/c++/11/bits/shared_ptr_base.h:519:39:[m[K   required from ‘[01m[Kstd::_Sp_counted_ptr_inplace<_Tp, _Alloc, _Lp>::_Sp_counted_ptr_inplace(_Alloc, _Args&& ...) [with _Args = {GetDistanceNode*}; _Tp = image_transport::ImageTransport; _Alloc = std::allocator<image_transport::ImageTransport>; __gnu_cxx::_Lock_policy _Lp = __gnu_cxx::_S_atomic][m[K’
[3.175s] [01m[K/usr/include/c++/11/bits/shared_ptr_base.h:650:16:[m[K   required from ‘[01m[Kstd::__shared_count<_Lp>::__shared_count(_Tp*&, std::_Sp_alloc_shared_tag<_Alloc>, _Args&& ...) [with _Tp = image_transport::ImageTransport; _Alloc = std::allocator<image_transport::ImageTransport>; _Args = {GetDistanceNode*}; __gnu_cxx::_Lock_policy _Lp = __gnu_cxx::_S_atomic][m[K’
[3.175s] [01m[K/usr/include/c++/11/bits/shared_ptr_base.h:1342:14:[m[K   required from ‘[01m[Kstd::__shared_ptr<_Tp, _Lp>::__shared_ptr(std::_Sp_alloc_shared_tag<_Tp>, _Args&& ...) [with _Alloc = std::allocator<image_transport::ImageTransport>; _Args = {GetDistanceNode*}; _Tp = image_transport::ImageTransport; __gnu_cxx::_Lock_policy _Lp = __gnu_cxx::_S_atomic][m[K’
[3.175s] [01m[K/usr/include/c++/11/bits/shared_ptr.h:409:59:[m[K   required from ‘[01m[Kstd::shared_ptr<_Tp>::shared_ptr(std::_Sp_alloc_shared_tag<_Tp>, _Args&& ...) [with _Alloc = std::allocator<image_transport::ImageTransport>; _Args = {GetDistanceNode*}; _Tp = image_transport::ImageTransport][m[K’
[3.175s] [01m[K/usr/include/c++/11/bits/shared_ptr.h:862:14:[m[K   required from ‘[01m[Kstd::shared_ptr<_Tp> std::allocate_shared(const _Alloc&, _Args&& ...) [with _Tp = image_transport::ImageTransport; _Alloc = std::allocator<image_transport::ImageTransport>; _Args = {GetDistanceNode*}][m[K’
[3.175s] [01m[K/usr/include/c++/11/bits/shared_ptr.h:878:39:[m[K   required from ‘[01m[Kstd::shared_ptr<_Tp> std::make_shared(_Args&& ...) [with _Tp = image_transport::ImageTransport; _Args = {GetDistanceNode*}][m[K’
[3.175s] [01m[K/home/nam017/ws_dist/src/ros2_get_obj_distance/src/ros2_get_obj_distance.cpp:61:81:[m[K   required from here
[3.176s] [01m[K/usr/include/c++/11/ext/new_allocator.h:162:11:[m[K [01;31m[Kerror: [m[Kno matching function for call to ‘[01m[Kimage_transport::ImageTransport::ImageTransport(GetDistanceNode*)[m[K’
[3.176s]   162 |         { [01;31m[K::new((void *)__p) _Up(std::forward<_Args>(__args)...)[m[K; }
[3.176s]       |           [01;31m[K^~~~~~~~~~~~~~~~~~~~~~~~~~~~~~~~~~~~~~~~~~~~~~~~~~~~~~[m[K
[3.176s] In file included from [01m[K/home/nam017/ws_dist/src/ros2_get_obj_distance/src/ros2_get_obj_distance.cpp:8[m[K:
[3.176s] [01m[K/opt/ros/humble/include/image_transport/image_transport/image_transport.hpp:111:12:[m[K [01;36m[Knote: [m[Kcandidate: ‘[01m[Kimage_transport::ImageTransport::ImageTransport(rclcpp::Node::SharedPtr)[m[K’
[3.176s]   111 |   explicit [01;36m[KImageTransport[m[K(rclcpp::Node::SharedPtr node);
[3.177s]       |            [01;36m[K^~~~~~~~~~~~~~[m[K
[3.177s] [01m[K/opt/ros/humble/include/image_transport/image_transport/image_transport.hpp:111:51:[m[K [01;36m[Knote: [m[K  no known conversion for argument 1 from ‘[01m[KGetDistanceNode*[m[K’ to ‘[01m[Krclcpp::Node::SharedPtr[m[K’ {aka ‘[01m[Kstd::shared_ptr<rclcpp::Node>[m[K’}
[3.177s]   111 |   explicit ImageTransport([01;36m[Krclcpp::Node::SharedPtr node[m[K);
[3.177s]       |                           [01;36m[K~~~~~~~~~~~~~~~~~~~~~~~~^~~~[m[K
[3.268s] gmake[2]: *** [CMakeFiles/ros2_get_obj_distance.dir/build.make:76: CMakeFiles/ros2_get_obj_distance.dir/src/ros2_get_obj_distance.cpp.o] Error 1
[3.268s] gmake[1]: *** [CMakeFiles/Makefile2:137: CMakeFiles/ros2_get_obj_distance.dir/all] Error 2
[3.268s] gmake: *** [Makefile:146: all] Error 2
[3.273s] Invoked command in '/home/nam017/ws_dist/src/build/ros2_get_obj_distance' returned '2': CMAKE_PREFIX_PATH=${CMAKE_PREFIX_PATH}:/opt/ros/humble /usr/bin/cmake --build /home/nam017/ws_dist/src/build/ros2_get_obj_distance -- -j16 -l16
