[0.124s] Invoking command in '/home/nam017/ws_dist/src/build/ros2_get_obj_distance': CMAKE_PREFIX_PATH=${CMAKE_PREFIX_PATH}:/opt/ros/humble /usr/bin/cmake --build /home/nam017/ws_dist/src/build/ros2_get_obj_distance -- -j16 -l16
[0.222s] [35m[1mConsolidate compiler generated dependencies of target ros2_get_obj_distance[0m
[0.256s] [ 50%] [32mBuilding CXX object CMakeFiles/ros2_get_obj_distance.dir/src/ros2_get_obj_distance.cpp.o[0m
[2.833s] [01m[K/home/nam017/ws_dist/src/ros2_get_obj_distance/src/ros2_get_obj_distance.cpp:27:2:[m[K [01;31m[Kerror: [m[Kexpected ‘[01m[K;[m[K’ after class definition
[2.833s]    27 | }
[2.833s]       |  [01;31m[K^[m[K
[2.833s]       |  [32m[K;[m[K
[2.833s] [01m[K/home/nam017/ws_dist/src/ros2_get_obj_distance/src/ros2_get_obj_distance.cpp:[m[K In constructor ‘[01m[KDepthPublisherNode::DepthPublisherNode()[m[K’:
[2.833s] [01m[K/home/nam017/ws_dist/src/ros2_get_obj_distance/src/ros2_get_obj_distance.cpp:19:5:[m[K [01;31m[Kerror: [m[Kexpected primary-expression before ‘[01m[Kprivate[m[K’
[2.834s]    19 |     [01;31m[Kprivate[m[K:
[2.834s]       |     [01;31m[K^~~~~~~[m[K
[2.844s] [01m[K/home/nam017/ws_dist/src/ros2_get_obj_distance/src/ros2_get_obj_distance.cpp:20:47:[m[K [01;31m[Kerror: [m[K‘[01m[KImageConstPtr[m[K’ was not declared in this scope
[2.844s]    20 |         void imageCallback(const sensor_msgs:;[01;31m[KImageConstPtr[m[K& msg)
[2.844s]       |                                               [01;31m[K^~~~~~~~~~~~~[m[K
[2.845s] [01m[K/home/nam017/ws_dist/src/ros2_get_obj_distance/src/ros2_get_obj_distance.cpp:20:62:[m[K [01;31m[Kerror: [m[K‘[01m[Kmsg[m[K’ was not declared in this scope
[2.845s]    20 |         void imageCallback(const sensor_msgs:;ImageConstPtr& [01;31m[Kmsg[m[K)
[2.845s]       |                                                              [01;31m[K^~~[m[K
[2.845s] [01m[K/home/nam017/ws_dist/src/ros2_get_obj_distance/src/ros2_get_obj_distance.cpp:20:62:[m[K [01;36m[Knote: [m[Ksuggested alternatives:
[2.847s] In file included from [01m[K/opt/ros/humble/include/builtin_interfaces/builtin_interfaces/msg/duration.hpp:7[m[K,
[2.847s]                  from [01m[K/opt/ros/humble/include/rclcpp/rclcpp/duration.hpp:20[m[K,
[2.847s]                  from [01m[K/opt/ros/humble/include/rclcpp/rclcpp/qos.hpp:20[m[K,
[2.847s]                  from [01m[K/opt/ros/humble/include/rclcpp/rclcpp/node_interfaces/node_graph_interface.hpp:32[m[K,
[2.847s]                  from [01m[K/opt/ros/humble/include/rclcpp/rclcpp/client.hpp:42[m[K,
[2.847s]                  from [01m[K/opt/ros/humble/include/rclcpp/rclcpp/callback_group.hpp:24[m[K,
[2.847s]                  from [01m[K/opt/ros/humble/include/rclcpp/rclcpp/any_executable.hpp:20[m[K,
[2.847s]                  from [01m[K/opt/ros/humble/include/rclcpp/rclcpp/memory_strategy.hpp:25[m[K,
[2.848s]                  from [01m[K/opt/ros/humble/include/rclcpp/rclcpp/memory_strategies.hpp:18[m[K,
[2.848s]                  from [01m[K/opt/ros/humble/include/rclcpp/rclcpp/executor_options.hpp:20[m[K,
[2.848s]                  from [01m[K/opt/ros/humble/include/rclcpp/rclcpp/executor.hpp:37[m[K,
[2.848s]                  from [01m[K/opt/ros/humble/include/rclcpp/rclcpp/executors/multi_threaded_executor.hpp:25[m[K,
[2.848s]                  from [01m[K/opt/ros/humble/include/rclcpp/rclcpp/executors.hpp:21[m[K,
[2.848s]                  from [01m[K/opt/ros/humble/include/rclcpp/rclcpp/rclcpp.hpp:155[m[K,
[2.848s]                  from [01m[K/home/nam017/ws_dist/src/ros2_get_obj_distance/src/ros2_get_obj_distance.cpp:7[m[K:
[2.848s] [01m[K/opt/ros/humble/include/builtin_interfaces/builtin_interfaces/msg/detail/duration__struct.hpp:27:11:[m[K [01;36m[Knote: [m[K  ‘[01m[Kbuiltin_interfaces::msg[m[K’
[2.848s]    27 | namespace [01;36m[Kmsg[m[K
[2.848s]       |           [01;36m[K^~~[m[K
[2.849s] In file included from [01m[K/opt/ros/humble/include/rcl_interfaces/rcl_interfaces/msg/set_parameters_result.hpp:7[m[K,
[2.849s]                  from [01m[K/opt/ros/humble/include/rclcpp/rclcpp/qos_overriding_options.hpp:28[m[K,
[2.849s]                  from [01m[K/opt/ros/humble/include/rclcpp/rclcpp/subscription_options.hpp:30[m[K,
[2.849s]                  from [01m[K/opt/ros/humble/include/rclcpp/rclcpp/subscription.hpp:45[m[K,
[2.849s]                  from [01m[K/opt/ros/humble/include/rclcpp/rclcpp/any_executable.hpp:25[m[K,
[2.849s]                  from [01m[K/opt/ros/humble/include/rclcpp/rclcpp/memory_strategy.hpp:25[m[K,
[2.849s]                  from [01m[K/opt/ros/humble/include/rclcpp/rclcpp/memory_strategies.hpp:18[m[K,
[2.849s]                  from [01m[K/opt/ros/humble/include/rclcpp/rclcpp/executor_options.hpp:20[m[K,
[2.849s]                  from [01m[K/opt/ros/humble/include/rclcpp/rclcpp/executor.hpp:37[m[K,
[2.849s]                  from [01m[K/opt/ros/humble/include/rclcpp/rclcpp/executors/multi_threaded_executor.hpp:25[m[K,
[2.850s]                  from [01m[K/opt/ros/humble/include/rclcpp/rclcpp/executors.hpp:21[m[K,
[2.850s]                  from [01m[K/opt/ros/humble/include/rclcpp/rclcpp/rclcpp.hpp:155[m[K,
[2.850s]                  from [01m[K/home/nam017/ws_dist/src/ros2_get_obj_distance/src/ros2_get_obj_distance.cpp:7[m[K:
[2.850s] [01m[K/opt/ros/humble/include/rcl_interfaces/rcl_interfaces/msg/detail/set_parameters_result__struct.hpp:27:11:[m[K [01;36m[Knote: [m[K  ‘[01m[Krcl_interfaces::msg[m[K’
[2.850s]    27 | namespace [01;36m[Kmsg[m[K
[2.850s]       |           [01;36m[K^~~[m[K
[2.850s] In file included from [01m[K/opt/ros/humble/include/statistics_msgs/statistics_msgs/msg/detail/metrics_message__struct.hpp:23[m[K,
[2.850s]                  from [01m[K/opt/ros/humble/include/statistics_msgs/statistics_msgs/msg/metrics_message.hpp:7[m[K,
[2.850s]                  from [01m[K/opt/ros/humble/include/libstatistics_collector/libstatistics_collector/collector/generate_statistics_message.hpp:21[m[K,
[2.850s]                  from [01m[K/opt/ros/humble/include/rclcpp/rclcpp/topic_statistics/subscription_topic_statistics.hpp:23[m[K,
[2.851s]                  from [01m[K/opt/ros/humble/include/rclcpp/rclcpp/subscription.hpp:50[m[K,
[2.851s]                  from [01m[K/opt/ros/humble/include/rclcpp/rclcpp/any_executable.hpp:25[m[K,
[2.851s]                  from [01m[K/opt/ros/humble/include/rclcpp/rclcpp/memory_strategy.hpp:25[m[K,
[2.851s]                  from [01m[K/opt/ros/humble/include/rclcpp/rclcpp/memory_strategies.hpp:18[m[K,
[2.851s]                  from [01m[K/opt/ros/humble/include/rclcpp/rclcpp/executor_options.hpp:20[m[K,
[2.851s]                  from [01m[K/opt/ros/humble/include/rclcpp/rclcpp/executor.hpp:37[m[K,
[2.851s]                  from [01m[K/opt/ros/humble/include/rclcpp/rclcpp/executors/multi_threaded_executor.hpp:25[m[K,
[2.851s]                  from [01m[K/opt/ros/humble/include/rclcpp/rclcpp/executors.hpp:21[m[K,
[2.851s]                  from [01m[K/opt/ros/humble/include/rclcpp/rclcpp/rclcpp.hpp:155[m[K,
[2.851s]                  from [01m[K/home/nam017/ws_dist/src/ros2_get_obj_distance/src/ros2_get_obj_distance.cpp:7[m[K:
[2.852s] [01m[K/opt/ros/humble/include/statistics_msgs/statistics_msgs/msg/detail/statistic_data_point__struct.hpp:27:11:[m[K [01;36m[Knote: [m[K  ‘[01m[Kstatistics_msgs::msg[m[K’
[2.852s]    27 | namespace [01;36m[Kmsg[m[K
[2.852s]       |           [01;36m[K^~~[m[K
[2.852s] In file included from [01m[K/opt/ros/humble/include/sensor_msgs/sensor_msgs/msg/detail/image__struct.hpp:20[m[K,
[2.852s]                  from [01m[K/opt/ros/humble/include/sensor_msgs/sensor_msgs/msg/image.hpp:7[m[K,
[2.852s]                  from [01m[K/opt/ros/humble/include/image_transport/image_transport/camera_publisher.hpp:38[m[K,
[2.852s]                  from [01m[K/opt/ros/humble/include/image_transport/image_transport/image_transport.hpp:39[m[K,
[2.852s]                  from [01m[K/home/nam017/ws_dist/src/ros2_get_obj_distance/src/ros2_get_obj_distance.cpp:8[m[K:
[2.852s] [01m[K/opt/ros/humble/include/std_msgs/std_msgs/msg/detail/header__struct.hpp:31:11:[m[K [01;36m[Knote: [m[K  ‘[01m[Kstd_msgs::msg[m[K’
[2.853s]    31 | namespace [01;36m[Kmsg[m[K
[2.853s]       |           [01;36m[K^~~[m[K
[2.853s] In file included from [01m[K/opt/ros/humble/include/sensor_msgs/sensor_msgs/msg/image.hpp:7[m[K,
[2.853s]                  from [01m[K/opt/ros/humble/include/image_transport/image_transport/camera_publisher.hpp:38[m[K,
[2.853s]                  from [01m[K/opt/ros/humble/include/image_transport/image_transport/image_transport.hpp:39[m[K,
[2.853s]                  from [01m[K/home/nam017/ws_dist/src/ros2_get_obj_distance/src/ros2_get_obj_distance.cpp:8[m[K:
[2.853s] [01m[K/opt/ros/humble/include/sensor_msgs/sensor_msgs/msg/detail/image__struct.hpp:31:11:[m[K [01;36m[Knote: [m[K  ‘[01m[Ksensor_msgs::msg[m[K’
[2.853s]    31 | namespace [01;36m[Kmsg[m[K
[2.853s]       |           [01;36m[K^~~[m[K
[2.853s] [01m[K/home/nam017/ws_dist/src/ros2_get_obj_distance/src/ros2_get_obj_distance.cpp:24:48:[m[K [01;31m[Kerror: [m[Kno matching function for call to ‘[01m[Kimage_transport::ImageTransport::ImageTransport(DepthPublisherNode*)[m[K’
[2.854s]    24 |         image_transport::ImageTransport it(this[01;31m[K)[m[K;
[2.854s]       |                                                [01;31m[K^[m[K
[2.854s] In file included from [01m[K/home/nam017/ws_dist/src/ros2_get_obj_distance/src/ros2_get_obj_distance.cpp:8[m[K:
[2.854s] [01m[K/opt/ros/humble/include/image_transport/image_transport/image_transport.hpp:111:12:[m[K [01;36m[Knote: [m[Kcandidate: ‘[01m[Kimage_transport::ImageTransport::ImageTransport(rclcpp::Node::SharedPtr)[m[K’
[2.854s]   111 |   explicit [01;36m[KImageTransport[m[K(rclcpp::Node::SharedPtr node);
[2.854s]       |            [01;36m[K^~~~~~~~~~~~~~[m[K
[2.854s] [01m[K/opt/ros/humble/include/image_transport/image_transport/image_transport.hpp:111:51:[m[K [01;36m[Knote: [m[K  no known conversion for argument 1 from ‘[01m[KDepthPublisherNode*[m[K’ to ‘[01m[Krclcpp::Node::SharedPtr[m[K’ {aka ‘[01m[Kstd::shared_ptr<rclcpp::Node>[m[K’}
[2.854s]   111 |   explicit ImageTransport([01;36m[Krclcpp::Node::SharedPtr node[m[K);
[2.854s]       |                           [01;36m[K~~~~~~~~~~~~~~~~~~~~~~~~^~~~[m[K
[2.856s] [01m[K/home/nam017/ws_dist/src/ros2_get_obj_distance/src/ros2_get_obj_distance.cpp:25:87:[m[K [01;31m[Kerror: [m[K‘[01m[KimageCallback[m[K’ was not declared in this scope
[2.856s]    25 |         image_transport::Subscriber sub_ = it.subscribe("/depth_to_rgb/image_raw", 1, [01;31m[KimageCallback[m[K)
[2.856s]       |                                                                                       [01;31m[K^~~~~~~~~~~~~[m[K
[2.856s] [01m[K/home/nam017/ws_dist/src/ros2_get_obj_distance/src/ros2_get_obj_distance.cpp:26:5:[m[K [01;31m[Kerror: [m[Kexpected ‘[01m[K,[m[K’ or ‘[01m[K;[m[K’ before ‘[01m[K}[m[K’ token
[2.856s]    26 |     [01;31m[K}[m[K
[2.857s]       |     [01;31m[K^[m[K
[2.857s] [01m[K/home/nam017/ws_dist/src/ros2_get_obj_distance/src/ros2_get_obj_distance.cpp:[m[K In function ‘[01m[Kint main(int, char**)[m[K’:
[2.857s] [01m[K/home/nam017/ws_dist/src/ros2_get_obj_distance/src/ros2_get_obj_distance.cpp:34:5:[m[K [01;31m[Kerror: [m[Kexpected ‘[01m[K;[m[K’ before ‘[01m[Krclcpp[m[K’
[2.857s]    34 |     [01;31m[Krclcpp[m[K::spin(node)
[2.857s]       |     [01;31m[K^~~~~~[m[K
[2.858s] [01m[K/home/nam017/ws_dist/src/ros2_get_obj_distance/src/ros2_get_obj_distance.cpp:34:23:[m[K [01;31m[Kerror: [m[Kexpected ‘[01m[K;[m[K’ before ‘[01m[Krclcpp[m[K’
[2.858s]    34 |     rclcpp::spin(node)
[2.858s]       |                       [01;31m[K^[m[K
[2.858s]       |                       [32m[K;[m[K
[2.858s]    35 |     [32m[Krclcpp[m[K::shutdown();
[2.858s]       |     [32m[K~~~~~~[m[K             
[3.353s] gmake[2]: *** [CMakeFiles/ros2_get_obj_distance.dir/build.make:76: CMakeFiles/ros2_get_obj_distance.dir/src/ros2_get_obj_distance.cpp.o] Error 1
[3.354s] gmake[1]: *** [CMakeFiles/Makefile2:137: CMakeFiles/ros2_get_obj_distance.dir/all] Error 2
[3.355s] gmake: *** [Makefile:146: all] Error 2
[3.358s] Invoked command in '/home/nam017/ws_dist/src/build/ros2_get_obj_distance' returned '2': CMAKE_PREFIX_PATH=${CMAKE_PREFIX_PATH}:/opt/ros/humble /usr/bin/cmake --build /home/nam017/ws_dist/src/build/ros2_get_obj_distance -- -j16 -l16
