[35m[1mConsolidate compiler generated dependencies of target ros2_get_obj_distance[0m
[ 50%] [32mBuilding CXX object CMakeFiles/ros2_get_obj_distance.dir/src/ros2_get_obj_distance.cpp.o[0m
[01m[K/home/nam017/ws_dist/src/ros2_get_obj_distance/src/ros2_get_obj_distance.cpp:26:68:[m[K [01;35m[Kwarning: [m[K‘[01m[Ksensor_msgs::msg::Image_<std::allocator<void> >::ConstPtr[m[K’ is deprecated [[01;35m[K]8;;https://gcc.gnu.org/onlinedocs/gcc/Warning-Options.html#index-Wdeprecated-declarations-Wdeprecated-declarations]8;;[m[K]
   26 |     void imageCallback(const sensor_msgs::msg::Image::ConstPtr &msg[01;35m[K)[m[K
      |                                                                    [01;35m[K^[m[K
In file included from [01m[K/opt/ros/humble/include/sensor_msgs/sensor_msgs/msg/image.hpp:7[m[K,
                 from [01m[K/opt/ros/humble/include/image_transport/image_transport/camera_publisher.hpp:38[m[K,
                 from [01m[K/opt/ros/humble/include/image_transport/image_transport/image_transport.hpp:39[m[K,
                 from [01m[K/home/nam017/ws_dist/src/ros2_get_obj_distance/src/ros2_get_obj_distance.cpp:7[m[K:
[01m[K/opt/ros/humble/include/sensor_msgs/sensor_msgs/msg/detail/image__struct.hpp:173:5:[m[K [01;36m[Knote: [m[Kdeclared here
  173 |     [01;36m[KConstPtr[m[K;
      |     [01;36m[K^~~~~~~~[m[K
[01m[K/home/nam017/ws_dist/src/ros2_get_obj_distance/src/ros2_get_obj_distance.cpp:[m[K In member function ‘[01m[Kvoid DepthPublisherNode::imageCallback(const ConstPtr&)[m[K’:
[01m[K/home/nam017/ws_dist/src/ros2_get_obj_distance/src/ros2_get_obj_distance.cpp:26:65:[m[K [01;35m[Kwarning: [m[Kunused parameter ‘[01m[Kmsg[m[K’ [[01;35m[K]8;;https://gcc.gnu.org/onlinedocs/gcc/Warning-Options.html#index-Wunused-parameter-Wunused-parameter]8;;[m[K]
   26 |     void imageCallback([01;35m[Kconst sensor_msgs::msg::Image::ConstPtr &msg[m[K)
      |                        [01;35m[K~~~~~~~~~~~~~~~~~~~~~~~~~~~~~~~~~~~~~~~~~^~~[m[K
[100%] [32m[1mLinking CXX executable ros2_get_obj_distance[0m
[100%] Built target ros2_get_obj_distance
-- Install configuration: ""
-- Installing: /home/nam017/ws_dist/src/install/ros2_get_obj_distance/lib/ros2_get_obj_distance/ros2_get_obj_distance
-- Set runtime path of "/home/nam017/ws_dist/src/install/ros2_get_obj_distance/lib/ros2_get_obj_distance/ros2_get_obj_distance" to ""
-- Up-to-date: /home/nam017/ws_dist/src/install/ros2_get_obj_distance/share/ament_index/resource_index/package_run_dependencies/ros2_get_obj_distance
-- Up-to-date: /home/nam017/ws_dist/src/install/ros2_get_obj_distance/share/ament_index/resource_index/parent_prefix_path/ros2_get_obj_distance
-- Up-to-date: /home/nam017/ws_dist/src/install/ros2_get_obj_distance/share/ros2_get_obj_distance/environment/ament_prefix_path.sh
-- Up-to-date: /home/nam017/ws_dist/src/install/ros2_get_obj_distance/share/ros2_get_obj_distance/environment/ament_prefix_path.dsv
-- Up-to-date: /home/nam017/ws_dist/src/install/ros2_get_obj_distance/share/ros2_get_obj_distance/environment/path.sh
-- Up-to-date: /home/nam017/ws_dist/src/install/ros2_get_obj_distance/share/ros2_get_obj_distance/environment/path.dsv
-- Up-to-date: /home/nam017/ws_dist/src/install/ros2_get_obj_distance/share/ros2_get_obj_distance/local_setup.bash
-- Up-to-date: /home/nam017/ws_dist/src/install/ros2_get_obj_distance/share/ros2_get_obj_distance/local_setup.sh
-- Up-to-date: /home/nam017/ws_dist/src/install/ros2_get_obj_distance/share/ros2_get_obj_distance/local_setup.zsh
-- Up-to-date: /home/nam017/ws_dist/src/install/ros2_get_obj_distance/share/ros2_get_obj_distance/local_setup.dsv
-- Installing: /home/nam017/ws_dist/src/install/ros2_get_obj_distance/share/ros2_get_obj_distance/package.dsv
-- Up-to-date: /home/nam017/ws_dist/src/install/ros2_get_obj_distance/share/ament_index/resource_index/packages/ros2_get_obj_distance
-- Up-to-date: /home/nam017/ws_dist/src/install/ros2_get_obj_distance/share/ros2_get_obj_distance/cmake/ros2_get_obj_distanceConfig.cmake
-- Up-to-date: /home/nam017/ws_dist/src/install/ros2_get_obj_distance/share/ros2_get_obj_distance/cmake/ros2_get_obj_distanceConfig-version.cmake
-- Up-to-date: /home/nam017/ws_dist/src/install/ros2_get_obj_distance/share/ros2_get_obj_distance/package.xml
