[0.081s] Invoking command in '/home/nam017/ws_dist/src/build/ros2_get_obj_distance': CMAKE_PREFIX_PATH=${CMAKE_PREFIX_PATH}:/opt/ros/humble /usr/bin/cmake --build /home/nam017/ws_dist/src/build/ros2_get_obj_distance -- -j16 -l16
[0.179s] [35m[1mConsolidate compiler generated dependencies of target ros2_get_obj_distance[0m
[0.213s] [ 50%] [32mBuilding CXX object CMakeFiles/ros2_get_obj_distance.dir/src/ros2_get_obj_distance.cpp.o[0m
[2.790s] [01m[K/home/nam017/ws_dist/src/ros2_get_obj_distance/src/ros2_get_obj_distance.cpp:26:68:[m[K [01;35m[Kwarning: [m[K‘[01m[Ksensor_msgs::msg::Image_<std::allocator<void> >::ConstPtr[m[K’ is deprecated [[01;35m[K]8;;https://gcc.gnu.org/onlinedocs/gcc/Warning-Options.html#index-Wdeprecated-declarations-Wdeprecated-declarations]8;;[m[K]
[2.790s]    26 |     void imageCallback(const sensor_msgs::msg::Image::ConstPtr &msg[01;35m[K)[m[K
[2.790s]       |                                                                    [01;35m[K^[m[K
[2.791s] In file included from [01m[K/opt/ros/humble/include/sensor_msgs/sensor_msgs/msg/image.hpp:7[m[K,
[2.791s]                  from [01m[K/opt/ros/humble/include/image_transport/image_transport/camera_publisher.hpp:38[m[K,
[2.791s]                  from [01m[K/opt/ros/humble/include/image_transport/image_transport/image_transport.hpp:39[m[K,
[2.792s]                  from [01m[K/home/nam017/ws_dist/src/ros2_get_obj_distance/src/ros2_get_obj_distance.cpp:7[m[K:
[2.792s] [01m[K/opt/ros/humble/include/sensor_msgs/sensor_msgs/msg/detail/image__struct.hpp:173:5:[m[K [01;36m[Knote: [m[Kdeclared here
[2.792s]   173 |     [01;36m[KConstPtr[m[K;
[2.793s]       |     [01;36m[K^~~~~~~~[m[K
[2.799s] [01m[K/home/nam017/ws_dist/src/ros2_get_obj_distance/src/ros2_get_obj_distance.cpp:[m[K In member function ‘[01m[Kvoid DepthPublisherNode::imageCallback(const ConstPtr&)[m[K’:
[2.799s] [01m[K/home/nam017/ws_dist/src/ros2_get_obj_distance/src/ros2_get_obj_distance.cpp:26:65:[m[K [01;35m[Kwarning: [m[Kunused parameter ‘[01m[Kmsg[m[K’ [[01;35m[K]8;;https://gcc.gnu.org/onlinedocs/gcc/Warning-Options.html#index-Wunused-parameter-Wunused-parameter]8;;[m[K]
[2.799s]    26 |     void imageCallback([01;35m[Kconst sensor_msgs::msg::Image::ConstPtr &msg[m[K)
[2.800s]       |                        [01;35m[K~~~~~~~~~~~~~~~~~~~~~~~~~~~~~~~~~~~~~~~~~^~~[m[K
[3.462s] [100%] [32m[1mLinking CXX executable ros2_get_obj_distance[0m
[3.660s] [100%] Built target ros2_get_obj_distance
[3.687s] Invoked command in '/home/nam017/ws_dist/src/build/ros2_get_obj_distance' returned '0': CMAKE_PREFIX_PATH=${CMAKE_PREFIX_PATH}:/opt/ros/humble /usr/bin/cmake --build /home/nam017/ws_dist/src/build/ros2_get_obj_distance -- -j16 -l16
[3.758s] Invoking command in '/home/nam017/ws_dist/src/build/ros2_get_obj_distance': CMAKE_PREFIX_PATH=${CMAKE_PREFIX_PATH}:/opt/ros/humble /usr/bin/cmake --install /home/nam017/ws_dist/src/build/ros2_get_obj_distance
[3.779s] -- Install configuration: ""
[3.780s] -- Installing: /home/nam017/ws_dist/src/install/ros2_get_obj_distance/lib/ros2_get_obj_distance/ros2_get_obj_distance
[3.781s] -- Set runtime path of "/home/nam017/ws_dist/src/install/ros2_get_obj_distance/lib/ros2_get_obj_distance/ros2_get_obj_distance" to ""
[3.782s] -- Up-to-date: /home/nam017/ws_dist/src/install/ros2_get_obj_distance/share/ament_index/resource_index/package_run_dependencies/ros2_get_obj_distance
[3.782s] -- Up-to-date: /home/nam017/ws_dist/src/install/ros2_get_obj_distance/share/ament_index/resource_index/parent_prefix_path/ros2_get_obj_distance
[3.782s] -- Up-to-date: /home/nam017/ws_dist/src/install/ros2_get_obj_distance/share/ros2_get_obj_distance/environment/ament_prefix_path.sh
[3.782s] -- Up-to-date: /home/nam017/ws_dist/src/install/ros2_get_obj_distance/share/ros2_get_obj_distance/environment/ament_prefix_path.dsv
[3.782s] -- Up-to-date: /home/nam017/ws_dist/src/install/ros2_get_obj_distance/share/ros2_get_obj_distance/environment/path.sh
[3.782s] -- Up-to-date: /home/nam017/ws_dist/src/install/ros2_get_obj_distance/share/ros2_get_obj_distance/environment/path.dsv
[3.782s] -- Up-to-date: /home/nam017/ws_dist/src/install/ros2_get_obj_distance/share/ros2_get_obj_distance/local_setup.bash
[3.782s] -- Up-to-date: /home/nam017/ws_dist/src/install/ros2_get_obj_distance/share/ros2_get_obj_distance/local_setup.sh
[3.782s] -- Up-to-date: /home/nam017/ws_dist/src/install/ros2_get_obj_distance/share/ros2_get_obj_distance/local_setup.zsh
[3.782s] -- Up-to-date: /home/nam017/ws_dist/src/install/ros2_get_obj_distance/share/ros2_get_obj_distance/local_setup.dsv
[3.782s] -- Installing: /home/nam017/ws_dist/src/install/ros2_get_obj_distance/share/ros2_get_obj_distance/package.dsv
[3.783s] -- Up-to-date: /home/nam017/ws_dist/src/install/ros2_get_obj_distance/share/ament_index/resource_index/packages/ros2_get_obj_distance
[3.783s] -- Up-to-date: /home/nam017/ws_dist/src/install/ros2_get_obj_distance/share/ros2_get_obj_distance/cmake/ros2_get_obj_distanceConfig.cmake
[3.783s] -- Up-to-date: /home/nam017/ws_dist/src/install/ros2_get_obj_distance/share/ros2_get_obj_distance/cmake/ros2_get_obj_distanceConfig-version.cmake
[3.783s] -- Up-to-date: /home/nam017/ws_dist/src/install/ros2_get_obj_distance/share/ros2_get_obj_distance/package.xml
[3.785s] Invoked command in '/home/nam017/ws_dist/src/build/ros2_get_obj_distance' returned '0': CMAKE_PREFIX_PATH=${CMAKE_PREFIX_PATH}:/opt/ros/humble /usr/bin/cmake --install /home/nam017/ws_dist/src/build/ros2_get_obj_distance
