[0.797s] DEBUG:colcon:Command line arguments: ['/usr/bin/colcon', 'build']
[0.797s] DEBUG:colcon:Parsed command line arguments: Namespace(log_base=None, log_level=None, verb_name='build', build_base='build', install_base='install', merge_install=False, symlink_install=False, test_result_base=None, continue_on_error=False, executor='parallel', parallel_workers=16, event_handlers=None, ignore_user_meta=False, metas=['./colcon.meta'], base_paths=['.'], packages_ignore=None, packages_ignore_regex=None, paths=None, packages_up_to=None, packages_up_to_regex=None, packages_above=None, packages_above_and_dependencies=None, packages_above_depth=None, packages_select_by_dep=None, packages_skip_by_dep=None, packages_skip_up_to=None, packages_select_build_failed=False, packages_skip_build_finished=False, packages_select_test_failures=False, packages_skip_test_passed=False, packages_select=None, packages_skip=None, packages_select_regex=None, packages_skip_regex=None, packages_start=None, packages_end=None, allow_overriding=[], cmake_args=None, cmake_target=None, cmake_target_skip_unavailable=False, cmake_clean_cache=False, cmake_clean_first=False, cmake_force_configure=False, ament_cmake_args=None, catkin_cmake_args=None, catkin_skip_building_tests=False, verb_parser=<colcon_defaults.argument_parser.defaults.DefaultArgumentsDecorator object at 0x7fb641dcb9d0>, verb_extension=<colcon_core.verb.build.BuildVerb object at 0x7fb641db17e0>, main=<bound method BuildVerb.main of <colcon_core.verb.build.BuildVerb object at 0x7fb641db17e0>>)
[0.834s] Level 1:colcon.colcon_core.package_discovery:discover_packages(colcon_meta) check parameters
[0.834s] Level 1:colcon.colcon_core.package_discovery:discover_packages(recursive) check parameters
[0.834s] Level 1:colcon.colcon_core.package_discovery:discover_packages(ignore) check parameters
[0.834s] Level 1:colcon.colcon_core.package_discovery:discover_packages(path) check parameters
[0.834s] Level 1:colcon.colcon_core.package_discovery:discover_packages(colcon_meta) discover
[0.834s] Level 1:colcon.colcon_core.package_discovery:discover_packages(recursive) discover
[0.834s] INFO:colcon.colcon_core.package_discovery:Crawling recursively for packages in '/home/nam017/ws_dist'
[0.834s] Level 1:colcon.colcon_core.package_identification:_identify(.) by extensions ['ignore', 'ignore_ament_install']
[0.834s] Level 1:colcon.colcon_core.package_identification:_identify(.) by extension 'ignore'
[0.835s] Level 1:colcon.colcon_core.package_identification:_identify(.) by extension 'ignore_ament_install'
[0.835s] Level 1:colcon.colcon_core.package_identification:_identify(.) by extensions ['colcon_pkg']
[0.835s] Level 1:colcon.colcon_core.package_identification:_identify(.) by extension 'colcon_pkg'
[0.835s] Level 1:colcon.colcon_core.package_identification:_identify(.) by extensions ['colcon_meta']
[0.835s] Level 1:colcon.colcon_core.package_identification:_identify(.) by extension 'colcon_meta'
[0.835s] Level 1:colcon.colcon_core.package_identification:_identify(.) by extensions ['ros']
[0.835s] Level 1:colcon.colcon_core.package_identification:_identify(.) by extension 'ros'
[0.843s] Level 1:colcon.colcon_core.package_identification:_identify(.) by extensions ['cmake', 'python']
[0.843s] Level 1:colcon.colcon_core.package_identification:_identify(.) by extension 'cmake'
[0.843s] Level 1:colcon.colcon_core.package_identification:_identify(.) by extension 'python'
[0.843s] Level 1:colcon.colcon_core.package_identification:_identify(.) by extensions ['python_setup_py']
[0.843s] Level 1:colcon.colcon_core.package_identification:_identify(.) by extension 'python_setup_py'
[0.843s] Level 1:colcon.colcon_core.package_identification:_identify(build) by extensions ['ignore', 'ignore_ament_install']
[0.843s] Level 1:colcon.colcon_core.package_identification:_identify(build) by extension 'ignore'
[0.843s] Level 1:colcon.colcon_core.package_identification:_identify(build) ignored
[0.843s] Level 1:colcon.colcon_core.package_identification:_identify(install) by extensions ['ignore', 'ignore_ament_install']
[0.843s] Level 1:colcon.colcon_core.package_identification:_identify(install) by extension 'ignore'
[0.843s] Level 1:colcon.colcon_core.package_identification:_identify(install) ignored
[0.844s] Level 1:colcon.colcon_core.package_identification:_identify(log) by extensions ['ignore', 'ignore_ament_install']
[0.844s] Level 1:colcon.colcon_core.package_identification:_identify(log) by extension 'ignore'
[0.844s] Level 1:colcon.colcon_core.package_identification:_identify(log) ignored
[0.844s] Level 1:colcon.colcon_core.package_identification:_identify(src) by extensions ['ignore', 'ignore_ament_install']
[0.844s] Level 1:colcon.colcon_core.package_identification:_identify(src) by extension 'ignore'
[0.844s] Level 1:colcon.colcon_core.package_identification:_identify(src) by extension 'ignore_ament_install'
[0.844s] Level 1:colcon.colcon_core.package_identification:_identify(src) by extensions ['colcon_pkg']
[0.844s] Level 1:colcon.colcon_core.package_identification:_identify(src) by extension 'colcon_pkg'
[0.844s] Level 1:colcon.colcon_core.package_identification:_identify(src) by extensions ['colcon_meta']
[0.844s] Level 1:colcon.colcon_core.package_identification:_identify(src) by extension 'colcon_meta'
[0.844s] Level 1:colcon.colcon_core.package_identification:_identify(src) by extensions ['ros']
[0.844s] Level 1:colcon.colcon_core.package_identification:_identify(src) by extension 'ros'
[0.844s] Level 1:colcon.colcon_core.package_identification:_identify(src) by extensions ['cmake', 'python']
[0.844s] Level 1:colcon.colcon_core.package_identification:_identify(src) by extension 'cmake'
[0.844s] Level 1:colcon.colcon_core.package_identification:_identify(src) by extension 'python'
[0.844s] Level 1:colcon.colcon_core.package_identification:_identify(src) by extensions ['python_setup_py']
[0.844s] Level 1:colcon.colcon_core.package_identification:_identify(src) by extension 'python_setup_py'
[0.844s] Level 1:colcon.colcon_core.package_identification:_identify(src/build) by extensions ['ignore', 'ignore_ament_install']
[0.844s] Level 1:colcon.colcon_core.package_identification:_identify(src/build) by extension 'ignore'
[0.844s] Level 1:colcon.colcon_core.package_identification:_identify(src/build) ignored
[0.844s] Level 1:colcon.colcon_core.package_identification:_identify(src/install) by extensions ['ignore', 'ignore_ament_install']
[0.844s] Level 1:colcon.colcon_core.package_identification:_identify(src/install) by extension 'ignore'
[0.844s] Level 1:colcon.colcon_core.package_identification:_identify(src/install) ignored
[0.844s] Level 1:colcon.colcon_core.package_identification:_identify(src/log) by extensions ['ignore', 'ignore_ament_install']
[0.844s] Level 1:colcon.colcon_core.package_identification:_identify(src/log) by extension 'ignore'
[0.845s] Level 1:colcon.colcon_core.package_identification:_identify(src/log) ignored
[0.845s] Level 1:colcon.colcon_core.package_identification:_identify(src/ros2_get_obj_distance) by extensions ['ignore', 'ignore_ament_install']
[0.845s] Level 1:colcon.colcon_core.package_identification:_identify(src/ros2_get_obj_distance) by extension 'ignore'
[0.845s] Level 1:colcon.colcon_core.package_identification:_identify(src/ros2_get_obj_distance) by extension 'ignore_ament_install'
[0.845s] Level 1:colcon.colcon_core.package_identification:_identify(src/ros2_get_obj_distance) by extensions ['colcon_pkg']
[0.845s] Level 1:colcon.colcon_core.package_identification:_identify(src/ros2_get_obj_distance) by extension 'colcon_pkg'
[0.845s] Level 1:colcon.colcon_core.package_identification:_identify(src/ros2_get_obj_distance) by extensions ['colcon_meta']
[0.845s] Level 1:colcon.colcon_core.package_identification:_identify(src/ros2_get_obj_distance) by extension 'colcon_meta'
[0.845s] Level 1:colcon.colcon_core.package_identification:_identify(src/ros2_get_obj_distance) by extensions ['ros']
[0.845s] Level 1:colcon.colcon_core.package_identification:_identify(src/ros2_get_obj_distance) by extension 'ros'
[0.847s] DEBUG:colcon.colcon_core.package_identification:Package 'src/ros2_get_obj_distance' with type 'ros.ament_cmake' and name 'ros2_get_obj_distance'
[0.847s] Level 1:colcon.colcon_core.package_discovery:discover_packages(recursive) using defaults
[0.847s] Level 1:colcon.colcon_core.package_discovery:discover_packages(ignore) discover
[0.847s] Level 1:colcon.colcon_core.package_discovery:discover_packages(ignore) using defaults
[0.847s] Level 1:colcon.colcon_core.package_discovery:discover_packages(path) discover
[0.847s] Level 1:colcon.colcon_core.package_discovery:discover_packages(path) using defaults
[0.943s] Level 1:colcon.colcon_core.package_discovery:discover_packages(prefix_path) check parameters
[0.943s] Level 1:colcon.colcon_core.package_discovery:discover_packages(prefix_path) discover
[0.982s] DEBUG:colcon.colcon_installed_package_information.package_discovery:Found 1 installed packages in /home/nam017/ws_dist/install
[0.994s] DEBUG:colcon.colcon_installed_package_information.package_discovery:Found 1 installed packages in /home/nam017/ws_kinect/install
[1.017s] DEBUG:colcon.colcon_installed_package_information.package_discovery:Found 10 installed packages in /home/nam017/ws_xarm/install
[1.030s] DEBUG:colcon.colcon_installed_package_information.package_discovery:Found 337 installed packages in /opt/ros/humble
[1.031s] Level 1:colcon.colcon_core.package_discovery:discover_packages(prefix_path) using defaults
[1.106s] Level 5:colcon.colcon_core.verb:set package 'ros2_get_obj_distance' build argument 'cmake_args' from command line to 'None'
[1.106s] Level 5:colcon.colcon_core.verb:set package 'ros2_get_obj_distance' build argument 'cmake_target' from command line to 'None'
[1.106s] Level 5:colcon.colcon_core.verb:set package 'ros2_get_obj_distance' build argument 'cmake_target_skip_unavailable' from command line to 'False'
[1.106s] Level 5:colcon.colcon_core.verb:set package 'ros2_get_obj_distance' build argument 'cmake_clean_cache' from command line to 'False'
[1.106s] Level 5:colcon.colcon_core.verb:set package 'ros2_get_obj_distance' build argument 'cmake_clean_first' from command line to 'False'
[1.106s] Level 5:colcon.colcon_core.verb:set package 'ros2_get_obj_distance' build argument 'cmake_force_configure' from command line to 'False'
[1.106s] Level 5:colcon.colcon_core.verb:set package 'ros2_get_obj_distance' build argument 'ament_cmake_args' from command line to 'None'
[1.106s] Level 5:colcon.colcon_core.verb:set package 'ros2_get_obj_distance' build argument 'catkin_cmake_args' from command line to 'None'
[1.106s] Level 5:colcon.colcon_core.verb:set package 'ros2_get_obj_distance' build argument 'catkin_skip_building_tests' from command line to 'False'
[1.107s] DEBUG:colcon.colcon_core.verb:Building package 'ros2_get_obj_distance' with the following arguments: {'ament_cmake_args': None, 'build_base': '/home/nam017/ws_dist/build/ros2_get_obj_distance', 'catkin_cmake_args': None, 'catkin_skip_building_tests': False, 'cmake_args': None, 'cmake_clean_cache': False, 'cmake_clean_first': False, 'cmake_force_configure': False, 'cmake_target': None, 'cmake_target_skip_unavailable': False, 'install_base': '/home/nam017/ws_dist/install/ros2_get_obj_distance', 'merge_install': False, 'path': '/home/nam017/ws_dist/src/ros2_get_obj_distance', 'symlink_install': False, 'test_result_base': None}
[1.118s] INFO:colcon.colcon_core.executor:Executing jobs using 'parallel' executor
[1.130s] DEBUG:colcon.colcon_parallel_executor.executor.parallel:run_until_complete
[1.131s] INFO:colcon.colcon_ros.task.ament_cmake.build:Building ROS package in '/home/nam017/ws_dist/src/ros2_get_obj_distance' with build type 'ament_cmake'
[1.131s] INFO:colcon.colcon_cmake.task.cmake.build:Building CMake package in '/home/nam017/ws_dist/src/ros2_get_obj_distance'
[1.144s] INFO:colcon.colcon_core.plugin_system:Skipping extension 'colcon_core.shell.bat': Not used on non-Windows systems
[1.144s] INFO:colcon.colcon_core.shell:Skip shell extension 'powershell' for command environment: Not usable outside of PowerShell
[1.144s] DEBUG:colcon.colcon_core.shell:Skip shell extension 'dsv' for command environment
[1.224s] DEBUG:colcon.colcon_core.event_handler.log_command:Invoking command in '/home/nam017/ws_dist/build/ros2_get_obj_distance': CMAKE_PREFIX_PATH=${CMAKE_PREFIX_PATH}:/opt/ros/humble /usr/bin/cmake --build /home/nam017/ws_dist/build/ros2_get_obj_distance -- -j16 -l16
[1.427s] DEBUG:colcon.colcon_core.event_handler.log_command:Invoked command in '/home/nam017/ws_dist/build/ros2_get_obj_distance' returned '0': CMAKE_PREFIX_PATH=${CMAKE_PREFIX_PATH}:/opt/ros/humble /usr/bin/cmake --build /home/nam017/ws_dist/build/ros2_get_obj_distance -- -j16 -l16
[1.572s] DEBUG:colcon.colcon_core.event_handler.log_command:Invoking command in '/home/nam017/ws_dist/build/ros2_get_obj_distance': CMAKE_PREFIX_PATH=${CMAKE_PREFIX_PATH}:/opt/ros/humble /usr/bin/cmake --install /home/nam017/ws_dist/build/ros2_get_obj_distance
[1.603s] Level 1:colcon.colcon_core.environment:create_environment_scripts_only(ros2_get_obj_distance)
[1.605s] DEBUG:colcon.colcon_core.event_handler.log_command:Invoked command in '/home/nam017/ws_dist/build/ros2_get_obj_distance' returned '0': CMAKE_PREFIX_PATH=${CMAKE_PREFIX_PATH}:/opt/ros/humble /usr/bin/cmake --install /home/nam017/ws_dist/build/ros2_get_obj_distance
[1.646s] Level 1:colcon.colcon_core.environment:checking '/home/nam017/ws_dist/install/ros2_get_obj_distance' for CMake module files
[1.647s] Level 1:colcon.colcon_core.environment:checking '/home/nam017/ws_dist/install/ros2_get_obj_distance' for CMake config files
[1.647s] Level 1:colcon.colcon_core.shell:create_environment_hook('ros2_get_obj_distance', 'cmake_prefix_path')
[1.664s] INFO:colcon.colcon_core.shell:Creating environment hook '/home/nam017/ws_dist/install/ros2_get_obj_distance/share/ros2_get_obj_distance/hook/cmake_prefix_path.ps1'
[1.665s] INFO:colcon.colcon_core.shell:Creating environment descriptor '/home/nam017/ws_dist/install/ros2_get_obj_distance/share/ros2_get_obj_distance/hook/cmake_prefix_path.dsv'
[1.665s] INFO:colcon.colcon_core.shell:Creating environment hook '/home/nam017/ws_dist/install/ros2_get_obj_distance/share/ros2_get_obj_distance/hook/cmake_prefix_path.sh'
[1.666s] Level 1:colcon.colcon_core.environment:checking '/home/nam017/ws_dist/install/ros2_get_obj_distance/lib'
[1.666s] Level 1:colcon.colcon_core.environment:checking '/home/nam017/ws_dist/install/ros2_get_obj_distance/bin'
[1.667s] Level 1:colcon.colcon_core.environment:checking '/home/nam017/ws_dist/install/ros2_get_obj_distance/lib/pkgconfig/ros2_get_obj_distance.pc'
[1.667s] Level 1:colcon.colcon_core.environment:checking '/home/nam017/ws_dist/install/ros2_get_obj_distance/lib/python3.10/site-packages'
[1.667s] Level 1:colcon.colcon_core.environment:checking '/home/nam017/ws_dist/install/ros2_get_obj_distance/bin'
[1.681s] INFO:colcon.colcon_core.shell:Creating package script '/home/nam017/ws_dist/install/ros2_get_obj_distance/share/ros2_get_obj_distance/package.ps1'
[1.682s] INFO:colcon.colcon_core.shell:Creating package descriptor '/home/nam017/ws_dist/install/ros2_get_obj_distance/share/ros2_get_obj_distance/package.dsv'
[1.683s] INFO:colcon.colcon_core.shell:Creating package script '/home/nam017/ws_dist/install/ros2_get_obj_distance/share/ros2_get_obj_distance/package.sh'
[1.683s] INFO:colcon.colcon_core.shell:Creating package script '/home/nam017/ws_dist/install/ros2_get_obj_distance/share/ros2_get_obj_distance/package.bash'
[1.684s] INFO:colcon.colcon_core.shell:Creating package script '/home/nam017/ws_dist/install/ros2_get_obj_distance/share/ros2_get_obj_distance/package.zsh'
[1.685s] Level 1:colcon.colcon_core.environment:create_file_with_runtime_dependencies(/home/nam017/ws_dist/install/ros2_get_obj_distance/share/colcon-core/packages/ros2_get_obj_distance)
[1.823s] Level 1:colcon.colcon_core.environment:create_environment_scripts_only(ros2_get_obj_distance)
[1.839s] Level 1:colcon.colcon_core.environment:checking '/home/nam017/ws_dist/install/ros2_get_obj_distance' for CMake module files
[1.840s] Level 1:colcon.colcon_core.environment:checking '/home/nam017/ws_dist/install/ros2_get_obj_distance' for CMake config files
[1.840s] Level 1:colcon.colcon_core.shell:create_environment_hook('ros2_get_obj_distance', 'cmake_prefix_path')
[1.851s] INFO:colcon.colcon_core.shell:Creating environment hook '/home/nam017/ws_dist/install/ros2_get_obj_distance/share/ros2_get_obj_distance/hook/cmake_prefix_path.ps1'
[1.852s] INFO:colcon.colcon_core.shell:Creating environment descriptor '/home/nam017/ws_dist/install/ros2_get_obj_distance/share/ros2_get_obj_distance/hook/cmake_prefix_path.dsv'
[1.852s] INFO:colcon.colcon_core.shell:Creating environment hook '/home/nam017/ws_dist/install/ros2_get_obj_distance/share/ros2_get_obj_distance/hook/cmake_prefix_path.sh'
[1.853s] Level 1:colcon.colcon_core.environment:checking '/home/nam017/ws_dist/install/ros2_get_obj_distance/lib'
[1.853s] Level 1:colcon.colcon_core.environment:checking '/home/nam017/ws_dist/install/ros2_get_obj_distance/bin'
[1.853s] Level 1:colcon.colcon_core.environment:checking '/home/nam017/ws_dist/install/ros2_get_obj_distance/lib/pkgconfig/ros2_get_obj_distance.pc'
[1.853s] Level 1:colcon.colcon_core.environment:checking '/home/nam017/ws_dist/install/ros2_get_obj_distance/lib/python3.10/site-packages'
[1.854s] Level 1:colcon.colcon_core.environment:checking '/home/nam017/ws_dist/install/ros2_get_obj_distance/bin'
[1.868s] INFO:colcon.colcon_core.shell:Creating package script '/home/nam017/ws_dist/install/ros2_get_obj_distance/share/ros2_get_obj_distance/package.ps1'
[1.868s] INFO:colcon.colcon_core.shell:Creating package descriptor '/home/nam017/ws_dist/install/ros2_get_obj_distance/share/ros2_get_obj_distance/package.dsv'
[1.869s] INFO:colcon.colcon_core.shell:Creating package script '/home/nam017/ws_dist/install/ros2_get_obj_distance/share/ros2_get_obj_distance/package.sh'
[1.869s] INFO:colcon.colcon_core.shell:Creating package script '/home/nam017/ws_dist/install/ros2_get_obj_distance/share/ros2_get_obj_distance/package.bash'
[1.870s] INFO:colcon.colcon_core.shell:Creating package script '/home/nam017/ws_dist/install/ros2_get_obj_distance/share/ros2_get_obj_distance/package.zsh'
[1.870s] Level 1:colcon.colcon_core.environment:create_file_with_runtime_dependencies(/home/nam017/ws_dist/install/ros2_get_obj_distance/share/colcon-core/packages/ros2_get_obj_distance)
[1.870s] DEBUG:colcon.colcon_parallel_executor.executor.parallel:closing loop
[1.871s] DEBUG:colcon.colcon_parallel_executor.executor.parallel:loop closed
[1.871s] DEBUG:colcon.colcon_parallel_executor.executor.parallel:run_until_complete finished with '0'
[1.871s] DEBUG:colcon.colcon_core.event_reactor:joining thread
[1.898s] INFO:colcon.colcon_core.plugin_system:Skipping extension 'colcon_notification.desktop_notification.terminal_notifier': Not used on non-Darwin systems
[1.898s] INFO:colcon.colcon_core.plugin_system:Skipping extension 'colcon_notification.desktop_notification.win32': Not used on non-Windows systems
[1.898s] INFO:colcon.colcon_notification.desktop_notification:Sending desktop notification using 'notify2'
[1.937s] DEBUG:colcon.colcon_core.event_reactor:joined thread
[1.974s] INFO:colcon.colcon_core.shell:Creating prefix script '/home/nam017/ws_dist/install/local_setup.ps1'
[1.976s] INFO:colcon.colcon_core.shell:Creating prefix util module '/home/nam017/ws_dist/install/_local_setup_util_ps1.py'
[1.978s] INFO:colcon.colcon_core.shell:Creating prefix chain script '/home/nam017/ws_dist/install/setup.ps1'
[1.995s] INFO:colcon.colcon_core.shell:Creating prefix script '/home/nam017/ws_dist/install/local_setup.sh'
[1.996s] INFO:colcon.colcon_core.shell:Creating prefix util module '/home/nam017/ws_dist/install/_local_setup_util_sh.py'
[1.996s] INFO:colcon.colcon_core.shell:Creating prefix chain script '/home/nam017/ws_dist/install/setup.sh'
[2.012s] INFO:colcon.colcon_core.shell:Creating prefix script '/home/nam017/ws_dist/install/local_setup.bash'
[2.013s] INFO:colcon.colcon_core.shell:Creating prefix chain script '/home/nam017/ws_dist/install/setup.bash'
[2.026s] INFO:colcon.colcon_core.shell:Creating prefix script '/home/nam017/ws_dist/install/local_setup.zsh'
[2.027s] INFO:colcon.colcon_core.shell:Creating prefix chain script '/home/nam017/ws_dist/install/setup.zsh'
