[0.090s] Invoking command in '/home/nam017/ws_dist/src/build/ros2_get_obj_distance': CMAKE_PREFIX_PATH=${CMAKE_PREFIX_PATH}:/opt/ros/humble /usr/bin/cmake --build /home/nam017/ws_dist/src/build/ros2_get_obj_distance -- -j16 -l16
[0.225s] [35m[1mConsolidate compiler generated dependencies of target ros2_get_obj_distance[0m
[0.259s] [ 50%] [32mBuilding CXX object CMakeFiles/ros2_get_obj_distance.dir/src/ros2_get_obj_distance.cpp.o[0m
[2.909s] [01m[K/home/nam017/ws_dist/src/ros2_get_obj_distance/src/ros2_get_obj_distance.cpp:[m[K In constructor ‘[01m[KGetDistanceNode::GetDistanceNode()[m[K’:
[2.909s] [01m[K/home/nam017/ws_dist/src/ros2_get_obj_distance/src/ros2_get_obj_distance.cpp:65:49:[m[K [01;31m[Kerror: [m[Kno matching function for call to ‘[01m[Kimage_transport::ImageTransport::subscribe(const char [24], int, GetDistanceNode::GetDistanceNode()::<lambda(sensor_msgs::msg::Image_<std::allocator<void> >::SharedPtr)>)[m[K’
[2.909s]    65 |         image_sub_ = [01;31m[Kimage_transport_->subscribe("/depth_to_rgb/image_raw", 1,[m[K
[2.909s]       |                      [01;31m[K~~~~~~~~~~~~~~~~~~~~~~~~~~~^~~~~~~~~~~~~~~~~~~~~~~~~~~~~~[m[K
[2.909s]    66 | [01;31m[K            [this](const sensor_msgs::msg::Image::SharedPtr msg) {[m[K
[2.909s]       |             [01;31m[K~~~~~~~~~~~~~~~~~~~~~~~~~~~~~~~~~~~~~~~~~~~~~~~~~~~~~~[m[K
[2.910s]    67 | [01;31m[K                imageCallback(msg);[m[K
[2.910s]       |                 [01;31m[K~~~~~~~~~~~~~~~~~~~[m[K              
[2.910s]    68 | [01;31m[K            })[m[K;
[2.910s]       |             [01;31m[K~~[m[K                                   
[2.910s] In file included from [01m[K/home/nam017/ws_dist/src/ros2_get_obj_distance/src/ros2_get_obj_distance.cpp:8[m[K:
[2.910s] [01m[K/opt/ros/humble/include/image_transport/image_transport/image_transport.hpp:188:14:[m[K [01;36m[Knote: [m[Kcandidate: ‘[01m[Ktemplate<class T> image_transport::Subscriber image_transport::ImageTransport::subscribe(const string&, uint32_t, void (T::*)(const ImageConstPtr&), T*, const image_transport::TransportHints*)[m[K’
[2.910s]   188 |   Subscriber [01;36m[Ksubscribe[m[K(
[2.910s]       |              [01;36m[K^~~~~~~~~[m[K
[2.910s] [01m[K/opt/ros/humble/include/image_transport/image_transport/image_transport.hpp:188:14:[m[K [01;36m[Knote: [m[K  template argument deduction/substitution failed:
[2.910s] [01m[K/home/nam017/ws_dist/src/ros2_get_obj_distance/src/ros2_get_obj_distance.cpp:65:49:[m[K [01;36m[Knote: [m[K  mismatched types ‘[01m[Kvoid (T::*)(const ImageConstPtr&)[m[K’ and ‘[01m[KGetDistanceNode::GetDistanceNode()::<lambda(sensor_msgs::msg::Image_<std::allocator<void> >::SharedPtr)>[m[K’
[2.910s]    65 |         image_sub_ = [01;36m[Kimage_transport_->subscribe("/depth_to_rgb/image_raw", 1,[m[K
[2.910s]       |                      [01;36m[K~~~~~~~~~~~~~~~~~~~~~~~~~~~^~~~~~~~~~~~~~~~~~~~~~~~~~~~~~[m[K
[2.910s]    66 | [01;36m[K            [this](const sensor_msgs::msg::Image::SharedPtr msg) {[m[K
[2.911s]       |             [01;36m[K~~~~~~~~~~~~~~~~~~~~~~~~~~~~~~~~~~~~~~~~~~~~~~~~~~~~~~[m[K
[2.911s]    67 | [01;36m[K                imageCallback(msg);[m[K
[2.911s]       |                 [01;36m[K~~~~~~~~~~~~~~~~~~~[m[K              
[2.911s]    68 | [01;36m[K            })[m[K;
[2.911s]       |             [01;36m[K~~[m[K                                   
[2.911s] In file included from [01m[K/home/nam017/ws_dist/src/ros2_get_obj_distance/src/ros2_get_obj_distance.cpp:8[m[K:
[2.911s] [01m[K/opt/ros/humble/include/image_transport/image_transport/image_transport.hpp:202:14:[m[K [01;36m[Knote: [m[Kcandidate: ‘[01m[Ktemplate<class T> image_transport::Subscriber image_transport::ImageTransport::subscribe(const string&, uint32_t, void (T::*)(const ImageConstPtr&), T*, const image_transport::TransportHints*, rclcpp::SubscriptionOptions)[m[K’
[2.911s]   202 |   Subscriber [01;36m[Ksubscribe[m[K(
[2.911s]       |              [01;36m[K^~~~~~~~~[m[K
[2.911s] [01m[K/opt/ros/humble/include/image_transport/image_transport/image_transport.hpp:202:14:[m[K [01;36m[Knote: [m[K  template argument deduction/substitution failed:
[2.911s] [01m[K/home/nam017/ws_dist/src/ros2_get_obj_distance/src/ros2_get_obj_distance.cpp:65:49:[m[K [01;36m[Knote: [m[K  mismatched types ‘[01m[Kvoid (T::*)(const ImageConstPtr&)[m[K’ and ‘[01m[KGetDistanceNode::GetDistanceNode()::<lambda(sensor_msgs::msg::Image_<std::allocator<void> >::SharedPtr)>[m[K’
[2.912s]    65 |         image_sub_ = [01;36m[Kimage_transport_->subscribe("/depth_to_rgb/image_raw", 1,[m[K
[2.912s]       |                      [01;36m[K~~~~~~~~~~~~~~~~~~~~~~~~~~~^~~~~~~~~~~~~~~~~~~~~~~~~~~~~~[m[K
[2.912s]    66 | [01;36m[K            [this](const sensor_msgs::msg::Image::SharedPtr msg) {[m[K
[2.912s]       |             [01;36m[K~~~~~~~~~~~~~~~~~~~~~~~~~~~~~~~~~~~~~~~~~~~~~~~~~~~~~~[m[K
[2.912s]    67 | [01;36m[K                imageCallback(msg);[m[K
[2.912s]       |                 [01;36m[K~~~~~~~~~~~~~~~~~~~[m[K              
[2.912s]    68 | [01;36m[K            })[m[K;
[2.912s]       |             [01;36m[K~~[m[K                                   
[2.912s] In file included from [01m[K/home/nam017/ws_dist/src/ros2_get_obj_distance/src/ros2_get_obj_distance.cpp:8[m[K:
[2.912s] [01m[K/opt/ros/humble/include/image_transport/image_transport/image_transport.hpp:217:14:[m[K [01;36m[Knote: [m[Kcandidate: ‘[01m[Ktemplate<class T> image_transport::Subscriber image_transport::ImageTransport::subscribe(const string&, uint32_t, void (T::*)(const ImageConstPtr&), const std::shared_ptr<_Tp>&, const image_transport::TransportHints*)[m[K’
[2.912s]   217 |   Subscriber [01;36m[Ksubscribe[m[K(
[2.912s]       |              [01;36m[K^~~~~~~~~[m[K
[2.912s] [01m[K/opt/ros/humble/include/image_transport/image_transport/image_transport.hpp:217:14:[m[K [01;36m[Knote: [m[K  template argument deduction/substitution failed:
[2.913s] [01m[K/home/nam017/ws_dist/src/ros2_get_obj_distance/src/ros2_get_obj_distance.cpp:65:49:[m[K [01;36m[Knote: [m[K  mismatched types ‘[01m[Kvoid (T::*)(const ImageConstPtr&)[m[K’ and ‘[01m[KGetDistanceNode::GetDistanceNode()::<lambda(sensor_msgs::msg::Image_<std::allocator<void> >::SharedPtr)>[m[K’
[2.913s]    65 |         image_sub_ = [01;36m[Kimage_transport_->subscribe("/depth_to_rgb/image_raw", 1,[m[K
[2.913s]       |                      [01;36m[K~~~~~~~~~~~~~~~~~~~~~~~~~~~^~~~~~~~~~~~~~~~~~~~~~~~~~~~~~[m[K
[2.913s]    66 | [01;36m[K            [this](const sensor_msgs::msg::Image::SharedPtr msg) {[m[K
[2.913s]       |             [01;36m[K~~~~~~~~~~~~~~~~~~~~~~~~~~~~~~~~~~~~~~~~~~~~~~~~~~~~~~[m[K
[2.913s]    67 | [01;36m[K                imageCallback(msg);[m[K
[2.913s]       |                 [01;36m[K~~~~~~~~~~~~~~~~~~~[m[K              
[2.913s]    68 | [01;36m[K            })[m[K;
[2.913s]       |             [01;36m[K~~[m[K                                   
[2.913s] In file included from [01m[K/home/nam017/ws_dist/src/ros2_get_obj_distance/src/ros2_get_obj_distance.cpp:8[m[K:
[2.913s] [01m[K/opt/ros/humble/include/image_transport/image_transport/image_transport.hpp:232:14:[m[K [01;36m[Knote: [m[Kcandidate: ‘[01m[Ktemplate<class T> image_transport::Subscriber image_transport::ImageTransport::subscribe(const string&, uint32_t, void (T::*)(const ImageConstPtr&), const std::shared_ptr<_Tp>&, const image_transport::TransportHints*, rclcpp::SubscriptionOptions)[m[K’
[2.913s]   232 |   Subscriber [01;36m[Ksubscribe[m[K(
[2.913s]       |              [01;36m[K^~~~~~~~~[m[K
[2.913s] [01m[K/opt/ros/humble/include/image_transport/image_transport/image_transport.hpp:232:14:[m[K [01;36m[Knote: [m[K  template argument deduction/substitution failed:
[2.914s] [01m[K/home/nam017/ws_dist/src/ros2_get_obj_distance/src/ros2_get_obj_distance.cpp:65:49:[m[K [01;36m[Knote: [m[K  mismatched types ‘[01m[Kvoid (T::*)(const ImageConstPtr&)[m[K’ and ‘[01m[KGetDistanceNode::GetDistanceNode()::<lambda(sensor_msgs::msg::Image_<std::allocator<void> >::SharedPtr)>[m[K’
[2.914s]    65 |         image_sub_ = [01;36m[Kimage_transport_->subscribe("/depth_to_rgb/image_raw", 1,[m[K
[2.914s]       |                      [01;36m[K~~~~~~~~~~~~~~~~~~~~~~~~~~~^~~~~~~~~~~~~~~~~~~~~~~~~~~~~~[m[K
[2.914s]    66 | [01;36m[K            [this](const sensor_msgs::msg::Image::SharedPtr msg) {[m[K
[2.914s]       |             [01;36m[K~~~~~~~~~~~~~~~~~~~~~~~~~~~~~~~~~~~~~~~~~~~~~~~~~~~~~~[m[K
[2.914s]    67 | [01;36m[K                imageCallback(msg);[m[K
[2.914s]       |                 [01;36m[K~~~~~~~~~~~~~~~~~~~[m[K              
[2.914s]    68 | [01;36m[K            })[m[K;
[2.914s]       |             [01;36m[K~~[m[K                                   
[2.914s] In file included from [01m[K/home/nam017/ws_dist/src/ros2_get_obj_distance/src/ros2_get_obj_distance.cpp:8[m[K:
[2.914s] [01m[K/opt/ros/humble/include/image_transport/image_transport/image_transport.hpp:136:14:[m[K [01;36m[Knote: [m[Kcandidate: ‘[01m[Kimage_transport::Subscriber image_transport::ImageTransport::subscribe(const string&, uint32_t, const Callback&, const VoidPtr&, const image_transport::TransportHints*)[m[K’
[2.914s]   136 |   Subscriber [01;36m[Ksubscribe[m[K(
[2.914s]       |              [01;36m[K^~~~~~~~~[m[K
[2.915s] [01m[K/opt/ros/humble/include/image_transport/image_transport/image_transport.hpp:138:34:[m[K [01;36m[Knote: [m[K  no known conversion for argument 3 from ‘[01m[KGetDistanceNode::GetDistanceNode()::<lambda(sensor_msgs::msg::Image_<std::allocator<void> >::SharedPtr)>[m[K’ to ‘[01m[Kconst Callback&[m[K’ {aka ‘[01m[Kconst std::function<void(const std::shared_ptr<const sensor_msgs::msg::Image_<std::allocator<void> > >&)>&[m[K’}
[2.915s]   138 |     [01;36m[Kconst Subscriber::Callback & callback[m[K,
[2.915s]       |     [01;36m[K~~~~~~~~~~~~~~~~~~~~~~~~~~~~~^~~~~~~~[m[K
[2.915s] [01m[K/opt/ros/humble/include/image_transport/image_transport/image_transport.hpp:146:14:[m[K [01;36m[Knote: [m[Kcandidate: ‘[01m[Kimage_transport::Subscriber image_transport::ImageTransport::subscribe(const string&, uint32_t, const Callback&, const VoidPtr&, const image_transport::TransportHints*, rclcpp::SubscriptionOptions)[m[K’
[2.915s]   146 |   Subscriber [01;36m[Ksubscribe[m[K(
[2.915s]       |              [01;36m[K^~~~~~~~~[m[K
[2.915s] [01m[K/opt/ros/humble/include/image_transport/image_transport/image_transport.hpp:146:14:[m[K [01;36m[Knote: [m[K  candidate expects 6 arguments, 3 provided
[2.915s] [01m[K/opt/ros/humble/include/image_transport/image_transport/image_transport.hpp:157:14:[m[K [01;36m[Knote: [m[Kcandidate: ‘[01m[Kimage_transport::Subscriber image_transport::ImageTransport::subscribe(const string&, uint32_t, void (*)(const ImageConstPtr&), const image_transport::TransportHints*)[m[K’
[2.915s]   157 |   Subscriber [01;36m[Ksubscribe[m[K(
[2.915s]       |              [01;36m[K^~~~~~~~~[m[K
[2.915s] [01m[K/opt/ros/humble/include/image_transport/image_transport/image_transport.hpp:159:13:[m[K [01;36m[Knote: [m[K  no known conversion for argument 3 from ‘[01m[KGetDistanceNode::GetDistanceNode()::<lambda(sensor_msgs::msg::Image_<std::allocator<void> >::SharedPtr)>[m[K’ to ‘[01m[Kvoid (*)(const ImageConstPtr&)[m[K’ {aka ‘[01m[Kvoid (*)(const std::shared_ptr<const sensor_msgs::msg::Image_<std::allocator<void> > >&)[m[K’}
[2.915s]   159 |     [01;36m[Kvoid (* fp)(const ImageConstPtr &)[m[K,
[2.915s]       |     [01;36m[K~~~~~~~~^~~~~~~~~~~~~~~~~~~~~~~~~~[m[K
[2.915s] [01m[K/opt/ros/humble/include/image_transport/image_transport/image_transport.hpp:172:14:[m[K [01;36m[Knote: [m[Kcandidate: ‘[01m[Kimage_transport::Subscriber image_transport::ImageTransport::subscribe(const string&, uint32_t, void (*)(const ImageConstPtr&), const image_transport::TransportHints*, rclcpp::SubscriptionOptions)[m[K’
[2.916s]   172 |   Subscriber [01;36m[Ksubscribe[m[K(
[2.916s]       |              [01;36m[K^~~~~~~~~[m[K
[2.916s] [01m[K/opt/ros/humble/include/image_transport/image_transport/image_transport.hpp:172:14:[m[K [01;36m[Knote: [m[K  candidate expects 5 arguments, 3 provided
[3.318s] In file included from [01m[K/usr/include/x86_64-linux-gnu/c++/11/bits/c++allocator.h:33[m[K,
[3.318s]                  from [01m[K/usr/include/c++/11/bits/allocator.h:46[m[K,
[3.318s]                  from [01m[K/usr/include/c++/11/unordered_map:40[m[K,
[3.318s]                  from [01m[K/usr/include/c++/11/functional:61[m[K,
[3.318s]                  from [01m[K/home/nam017/ws_dist/src/ros2_get_obj_distance/src/ros2_get_obj_distance.cpp:2[m[K:
[3.319s] /usr/include/c++/11/ext/new_allocator.h: In instantiation of ‘[01m[Kvoid __gnu_cxx::new_allocator<_Tp>::construct(_Up*, _Args&& ...) [with _Up = image_transport::ImageTransport; _Args = {GetDistanceNode*}; _Tp = image_transport::ImageTransport][m[K’:
[3.319s] [01m[K/usr/include/c++/11/bits/alloc_traits.h:516:17:[m[K   required from ‘[01m[Kstatic void std::allocator_traits<std::allocator<_Tp1> >::construct(std::allocator_traits<std::allocator<_Tp1> >::allocator_type&, _Up*, _Args&& ...) [with _Up = image_transport::ImageTransport; _Args = {GetDistanceNode*}; _Tp = image_transport::ImageTransport; std::allocator_traits<std::allocator<_Tp1> >::allocator_type = std::allocator<image_transport::ImageTransport>][m[K’
[3.319s] [01m[K/usr/include/c++/11/bits/shared_ptr_base.h:519:39:[m[K   required from ‘[01m[Kstd::_Sp_counted_ptr_inplace<_Tp, _Alloc, _Lp>::_Sp_counted_ptr_inplace(_Alloc, _Args&& ...) [with _Args = {GetDistanceNode*}; _Tp = image_transport::ImageTransport; _Alloc = std::allocator<image_transport::ImageTransport>; __gnu_cxx::_Lock_policy _Lp = __gnu_cxx::_S_atomic][m[K’
[3.319s] [01m[K/usr/include/c++/11/bits/shared_ptr_base.h:650:16:[m[K   required from ‘[01m[Kstd::__shared_count<_Lp>::__shared_count(_Tp*&, std::_Sp_alloc_shared_tag<_Alloc>, _Args&& ...) [with _Tp = image_transport::ImageTransport; _Alloc = std::allocator<image_transport::ImageTransport>; _Args = {GetDistanceNode*}; __gnu_cxx::_Lock_policy _Lp = __gnu_cxx::_S_atomic][m[K’
[3.319s] [01m[K/usr/include/c++/11/bits/shared_ptr_base.h:1342:14:[m[K   required from ‘[01m[Kstd::__shared_ptr<_Tp, _Lp>::__shared_ptr(std::_Sp_alloc_shared_tag<_Tp>, _Args&& ...) [with _Alloc = std::allocator<image_transport::ImageTransport>; _Args = {GetDistanceNode*}; _Tp = image_transport::ImageTransport; __gnu_cxx::_Lock_policy _Lp = __gnu_cxx::_S_atomic][m[K’
[3.319s] [01m[K/usr/include/c++/11/bits/shared_ptr.h:409:59:[m[K   required from ‘[01m[Kstd::shared_ptr<_Tp>::shared_ptr(std::_Sp_alloc_shared_tag<_Tp>, _Args&& ...) [with _Alloc = std::allocator<image_transport::ImageTransport>; _Args = {GetDistanceNode*}; _Tp = image_transport::ImageTransport][m[K’
[3.319s] [01m[K/usr/include/c++/11/bits/shared_ptr.h:862:14:[m[K   required from ‘[01m[Kstd::shared_ptr<_Tp> std::allocate_shared(const _Alloc&, _Args&& ...) [with _Tp = image_transport::ImageTransport; _Alloc = std::allocator<image_transport::ImageTransport>; _Args = {GetDistanceNode*}][m[K’
[3.319s] [01m[K/usr/include/c++/11/bits/shared_ptr.h:878:39:[m[K   required from ‘[01m[Kstd::shared_ptr<_Tp> std::make_shared(_Args&& ...) [with _Tp = image_transport::ImageTransport; _Args = {GetDistanceNode*}][m[K’
[3.319s] [01m[K/home/nam017/ws_dist/src/ros2_get_obj_distance/src/ros2_get_obj_distance.cpp:62:77:[m[K   required from here
[3.319s] [01m[K/usr/include/c++/11/ext/new_allocator.h:162:11:[m[K [01;31m[Kerror: [m[Kno matching function for call to ‘[01m[Kimage_transport::ImageTransport::ImageTransport(GetDistanceNode*)[m[K’
[3.319s]   162 |         { [01;31m[K::new((void *)__p) _Up(std::forward<_Args>(__args)...)[m[K; }
[3.320s]       |           [01;31m[K^~~~~~~~~~~~~~~~~~~~~~~~~~~~~~~~~~~~~~~~~~~~~~~~~~~~~~[m[K
[3.320s] In file included from [01m[K/home/nam017/ws_dist/src/ros2_get_obj_distance/src/ros2_get_obj_distance.cpp:8[m[K:
[3.320s] [01m[K/opt/ros/humble/include/image_transport/image_transport/image_transport.hpp:111:12:[m[K [01;36m[Knote: [m[Kcandidate: ‘[01m[Kimage_transport::ImageTransport::ImageTransport(rclcpp::Node::SharedPtr)[m[K’
[3.320s]   111 |   explicit [01;36m[KImageTransport[m[K(rclcpp::Node::SharedPtr node);
[3.320s]       |            [01;36m[K^~~~~~~~~~~~~~[m[K
[3.320s] [01m[K/opt/ros/humble/include/image_transport/image_transport/image_transport.hpp:111:51:[m[K [01;36m[Knote: [m[K  no known conversion for argument 1 from ‘[01m[KGetDistanceNode*[m[K’ to ‘[01m[Krclcpp::Node::SharedPtr[m[K’ {aka ‘[01m[Kstd::shared_ptr<rclcpp::Node>[m[K’}
[3.320s]   111 |   explicit ImageTransport([01;36m[Krclcpp::Node::SharedPtr node[m[K);
[3.320s]       |                           [01;36m[K~~~~~~~~~~~~~~~~~~~~~~~~^~~~[m[K
[3.420s] gmake[2]: *** [CMakeFiles/ros2_get_obj_distance.dir/build.make:76: CMakeFiles/ros2_get_obj_distance.dir/src/ros2_get_obj_distance.cpp.o] Error 1
[3.420s] gmake[1]: *** [CMakeFiles/Makefile2:137: CMakeFiles/ros2_get_obj_distance.dir/all] Error 2
[3.421s] gmake: *** [Makefile:146: all] Error 2
[3.424s] Invoked command in '/home/nam017/ws_dist/src/build/ros2_get_obj_distance' returned '2': CMAKE_PREFIX_PATH=${CMAKE_PREFIX_PATH}:/opt/ros/humble /usr/bin/cmake --build /home/nam017/ws_dist/src/build/ros2_get_obj_distance -- -j16 -l16
