[ 50%] [32mBuilding CXX object CMakeFiles/ros2_get_obj_distance.dir/src/ros2_get_obj_distance.cpp.o[0m
[100%] [32m[1mLinking CXX executable ros2_get_obj_distance[0m
[100%] Built target ros2_get_obj_distance
-- Install configuration: ""
-- Installing: /home/nam017/ws_dist/src/install/ros2_get_obj_distance/lib/ros2_get_obj_distance/ros2_get_obj_distance
-- Set runtime path of "/home/nam017/ws_dist/src/install/ros2_get_obj_distance/lib/ros2_get_obj_distance/ros2_get_obj_distance" to ""
-- Up-to-date: /home/nam017/ws_dist/src/install/ros2_get_obj_distance/share/ament_index/resource_index/package_run_dependencies/ros2_get_obj_distance
-- Up-to-date: /home/nam017/ws_dist/src/install/ros2_get_obj_distance/share/ament_index/resource_index/parent_prefix_path/ros2_get_obj_distance
-- Up-to-date: /home/nam017/ws_dist/src/install/ros2_get_obj_distance/share/ros2_get_obj_distance/environment/ament_prefix_path.sh
-- Up-to-date: /home/nam017/ws_dist/src/install/ros2_get_obj_distance/share/ros2_get_obj_distance/environment/ament_prefix_path.dsv
-- Up-to-date: /home/nam017/ws_dist/src/install/ros2_get_obj_distance/share/ros2_get_obj_distance/environment/path.sh
-- Up-to-date: /home/nam017/ws_dist/src/install/ros2_get_obj_distance/share/ros2_get_obj_distance/environment/path.dsv
-- Up-to-date: /home/nam017/ws_dist/src/install/ros2_get_obj_distance/share/ros2_get_obj_distance/local_setup.bash
-- Up-to-date: /home/nam017/ws_dist/src/install/ros2_get_obj_distance/share/ros2_get_obj_distance/local_setup.sh
-- Up-to-date: /home/nam017/ws_dist/src/install/ros2_get_obj_distance/share/ros2_get_obj_distance/local_setup.zsh
-- Up-to-date: /home/nam017/ws_dist/src/install/ros2_get_obj_distance/share/ros2_get_obj_distance/local_setup.dsv
-- Installing: /home/nam017/ws_dist/src/install/ros2_get_obj_distance/share/ros2_get_obj_distance/package.dsv
-- Up-to-date: /home/nam017/ws_dist/src/install/ros2_get_obj_distance/share/ament_index/resource_index/packages/ros2_get_obj_distance
-- Up-to-date: /home/nam017/ws_dist/src/install/ros2_get_obj_distance/share/ros2_get_obj_distance/cmake/ros2_get_obj_distanceConfig.cmake
-- Up-to-date: /home/nam017/ws_dist/src/install/ros2_get_obj_distance/share/ros2_get_obj_distance/cmake/ros2_get_obj_distanceConfig-version.cmake
-- Up-to-date: /home/nam017/ws_dist/src/install/ros2_get_obj_distance/share/ros2_get_obj_distance/package.xml
