[0.103s] Invoking command in '/home/nam017/ws_dist/src/build/ros2_get_obj_distance': CMAKE_PREFIX_PATH=${CMAKE_PREFIX_PATH}:/opt/ros/humble /usr/bin/cmake --build /home/nam017/ws_dist/src/build/ros2_get_obj_distance -- -j16 -l16
[0.198s] [35m[1mConsolidate compiler generated dependencies of target ros2_get_obj_distance[0m
[0.228s] [ 50%] [32mBuilding CXX object CMakeFiles/ros2_get_obj_distance.dir/src/ros2_get_obj_distance.cpp.o[0m
[3.544s] [100%] [32m[1mLinking CXX executable ros2_get_obj_distance[0m
[4.003s] [100%] Built target ros2_get_obj_distance
[4.020s] Invoked command in '/home/nam017/ws_dist/src/build/ros2_get_obj_distance' returned '0': CMAKE_PREFIX_PATH=${CMAKE_PREFIX_PATH}:/opt/ros/humble /usr/bin/cmake --build /home/nam017/ws_dist/src/build/ros2_get_obj_distance -- -j16 -l16
[4.115s] Invoking command in '/home/nam017/ws_dist/src/build/ros2_get_obj_distance': CMAKE_PREFIX_PATH=${CMAKE_PREFIX_PATH}:/opt/ros/humble /usr/bin/cmake --install /home/nam017/ws_dist/src/build/ros2_get_obj_distance
[4.135s] -- Install configuration: ""
[4.135s] -- Installing: /home/nam017/ws_dist/src/install/ros2_get_obj_distance/lib/ros2_get_obj_distance/ros2_get_obj_distance
[4.136s] -- Set runtime path of "/home/nam017/ws_dist/src/install/ros2_get_obj_distance/lib/ros2_get_obj_distance/ros2_get_obj_distance" to ""
[4.136s] -- Up-to-date: /home/nam017/ws_dist/src/install/ros2_get_obj_distance/share/ament_index/resource_index/package_run_dependencies/ros2_get_obj_distance
[4.136s] -- Up-to-date: /home/nam017/ws_dist/src/install/ros2_get_obj_distance/share/ament_index/resource_index/parent_prefix_path/ros2_get_obj_distance
[4.137s] -- Up-to-date: /home/nam017/ws_dist/src/install/ros2_get_obj_distance/share/ros2_get_obj_distance/environment/ament_prefix_path.sh
[4.137s] -- Up-to-date: /home/nam017/ws_dist/src/install/ros2_get_obj_distance/share/ros2_get_obj_distance/environment/ament_prefix_path.dsv
[4.137s] -- Up-to-date: /home/nam017/ws_dist/src/install/ros2_get_obj_distance/share/ros2_get_obj_distance/environment/path.sh
[4.137s] -- Up-to-date: /home/nam017/ws_dist/src/install/ros2_get_obj_distance/share/ros2_get_obj_distance/environment/path.dsv
[4.137s] -- Up-to-date: /home/nam017/ws_dist/src/install/ros2_get_obj_distance/share/ros2_get_obj_distance/local_setup.bash
[4.137s] -- Up-to-date: /home/nam017/ws_dist/src/install/ros2_get_obj_distance/share/ros2_get_obj_distance/local_setup.sh
[4.137s] -- Up-to-date: /home/nam017/ws_dist/src/install/ros2_get_obj_distance/share/ros2_get_obj_distance/local_setup.zsh
[4.137s] -- Up-to-date: /home/nam017/ws_dist/src/install/ros2_get_obj_distance/share/ros2_get_obj_distance/local_setup.dsv
[4.137s] -- Installing: /home/nam017/ws_dist/src/install/ros2_get_obj_distance/share/ros2_get_obj_distance/package.dsv
[4.138s] -- Up-to-date: /home/nam017/ws_dist/src/install/ros2_get_obj_distance/share/ament_index/resource_index/packages/ros2_get_obj_distance
[4.138s] -- Up-to-date: /home/nam017/ws_dist/src/install/ros2_get_obj_distance/share/ros2_get_obj_distance/cmake/ros2_get_obj_distanceConfig.cmake
[4.138s] -- Up-to-date: /home/nam017/ws_dist/src/install/ros2_get_obj_distance/share/ros2_get_obj_distance/cmake/ros2_get_obj_distanceConfig-version.cmake
[4.138s] -- Up-to-date: /home/nam017/ws_dist/src/install/ros2_get_obj_distance/share/ros2_get_obj_distance/package.xml
[4.140s] Invoked command in '/home/nam017/ws_dist/src/build/ros2_get_obj_distance' returned '0': CMAKE_PREFIX_PATH=${CMAKE_PREFIX_PATH}:/opt/ros/humble /usr/bin/cmake --install /home/nam017/ws_dist/src/build/ros2_get_obj_distance
